2020-04-30 10:06:55.570  INFO 24336 --- [main] c.s.carz4u.web.Carz4U.Carz4UApplication  : No active profile set, falling back to default profiles: default
2020-04-30 10:07:07.221  WARN 24336 --- [main] o.s.boot.actuate.endpoint.EndpointId     : Endpoint ID 'service-registry' contains invalid characters, please migrate to a valid format.
2020-04-30 10:07:31.307  WARN 24336 --- [main] c.n.c.sources.URLConfigurationSource     : No URLs will be polled as dynamic configuration sources.
2020-04-30 10:07:36.449  WARN 24336 --- [main] c.n.c.sources.URLConfigurationSource     : No URLs will be polled as dynamic configuration sources.
2020-04-30 10:07:39.139  WARN 24336 --- [main] arterDeprecationWarningAutoConfiguration : spring-cloud-starter-eureka is deprecated as of Spring Cloud Netflix 1.4.0, please migrate to spring-cloud-starter-netflix-eureka
2020-04-30 10:07:55.180  INFO 24336 --- [main] c.s.carz4u.web.Carz4U.Carz4UApplication  : Started Carz4UApplication in 73.493 seconds (JVM running for 75.421)
2020-04-30 10:07:55.433  INFO 24336 --- [main] c.s.c.web.Carz4U.CarDetailsController    : End com.springboot.carz4u.web.Carz4U.CarDetailsController Class, main method.
2020-04-30 10:10:52.215  INFO 24336 --- [http-nio-8080-exec-7] c.s.c.web.Carz4U.CarDetailsController    : Start com.springboot.carz4u.web.Carz4U.CarDetailsController Class, carsList method.
2020-04-30 10:11:17.097  INFO 24336 --- [http-nio-8080-exec-7] c.s.c.web.Carz4U.CarDetailsController    : End com.springboot.carz4u.web.Carz4U.CarDetailsController Class, carsList method.
2020-04-30 10:11:21.826  INFO 24336 --- [http-nio-8080-exec-6] c.s.c.web.Carz4U.CarDetailsController    : Start com.springboot.carz4u.web.Carz4U.CarDetailsController Class, carDetails method.
2020-04-30 10:11:24.449  INFO 24336 --- [http-nio-8080-exec-6] c.s.c.web.Carz4U.CarDetailsController    : if carRendered: com.springboot.carz4u.web.Carz4U.Car@56266812, carName is Swift 
2020-04-30 10:11:24.499  INFO 24336 --- [http-nio-8080-exec-6] c.s.c.web.Carz4U.CarDetailsController    : End com.springboot.carz4u.web.Carz4U.CarDetailsController Class, carDetails method.
2020-04-30 10:11:31.663  INFO 24336 --- [http-nio-8080-exec-2] c.s.c.web.Carz4U.CarDetailsController    : Start com.springboot.carz4u.web.Carz4U.CarDetailsController Class, carDetails method.
2020-04-30 10:11:31.912 ERROR 24336 --- [http-nio-8080-exec-2] c.s.c.web.Carz4U.CarDetailsController    : RecordNotFoundException
2020-04-30 10:11:31.918 ERROR 24336 --- [http-nio-8080-exec-2] c.s.c.w.C.ApplicationExceptionController : Exception is RecordNotFoundException
2020-04-30 10:11:31.919  INFO 24336 --- [http-nio-8080-exec-2] c.s.c.w.C.ApplicationExceptionController : errorBean.getErrorMsg() Resource Not Found, errorBean.getErrorDetails() [Record Not found/available, ]
2020-04-30 10:11:38.959  INFO 24336 --- [http-nio-8080-exec-4] c.s.c.web.Carz4U.CarDetailsController    : Start com.springboot.carz4u.web.Carz4U.CarDetailsController Class, carDetails method.
2020-04-30 10:11:39.152  INFO 24336 --- [http-nio-8080-exec-4] c.s.c.web.Carz4U.CarDetailsController    : if carRendered: com.springboot.carz4u.web.Carz4U.Car@544aada1, carName is Creta 
2020-04-30 10:11:39.285  INFO 24336 --- [http-nio-8080-exec-4] c.s.c.web.Carz4U.CarDetailsController    : End com.springboot.carz4u.web.Carz4U.CarDetailsController Class, carDetails method.
2020-04-30 10:11:44.100  INFO 24336 --- [http-nio-8080-exec-9] c.s.c.web.Carz4U.CarDetailsController    : Start com.springboot.carz4u.web.Carz4U.CarDetailsController Class, carsList method.
2020-04-30 10:11:44.245  INFO 24336 --- [http-nio-8080-exec-9] c.s.c.web.Carz4U.CarDetailsController    : End com.springboot.carz4u.web.Carz4U.CarDetailsController Class, carsList method.
2020-04-30 10:11:48.308  INFO 24336 --- [http-nio-8080-exec-10] c.s.c.web.Carz4U.CarDetailsController    : Start com.springboot.carz4u.web.Carz4U.CarDetailsController Class, carDetails method.
2020-04-30 10:11:48.532  INFO 24336 --- [http-nio-8080-exec-10] c.s.c.web.Carz4U.CarDetailsController    : if carRendered: com.springboot.carz4u.web.Carz4U.Car@75cbe787, carName is XUV 500 
2020-04-30 10:11:48.563  INFO 24336 --- [http-nio-8080-exec-10] c.s.c.web.Carz4U.CarDetailsController    : End com.springboot.carz4u.web.Carz4U.CarDetailsController Class, carDetails method.
2020-04-30 10:11:57.716  INFO 24336 --- [http-nio-8080-exec-9] c.s.c.web.Carz4U.CarDetailsController    : Start com.springboot.carz4u.web.Carz4U.CarDetailsController Class, carsList method.
2020-04-30 10:11:57.888  INFO 24336 --- [http-nio-8080-exec-9] c.s.c.web.Carz4U.CarDetailsController    : End com.springboot.carz4u.web.Carz4U.CarDetailsController Class, carsList method.
2020-04-30 10:12:00.410  INFO 24336 --- [http-nio-8080-exec-2] c.s.c.web.Carz4U.CarDetailsController    : Start com.springboot.carz4u.web.Carz4U.CarDetailsController Class, carDetails method.
2020-04-30 10:12:00.550  INFO 24336 --- [http-nio-8080-exec-2] c.s.c.web.Carz4U.CarDetailsController    : if carRendered: com.springboot.carz4u.web.Carz4U.Car@65b26a58, carName is XUV 300 
2020-04-30 10:12:00.635  INFO 24336 --- [http-nio-8080-exec-2] c.s.c.web.Carz4U.CarDetailsController    : End com.springboot.carz4u.web.Carz4U.CarDetailsController Class, carDetails method.
2020-04-30 10:12:06.467  INFO 24336 --- [http-nio-8080-exec-3] c.s.c.web.Carz4U.CarDetailsController    : Start com.springboot.carz4u.web.Carz4U.CarDetailsController Class, carsList method.
2020-04-30 10:12:06.697  INFO 24336 --- [http-nio-8080-exec-3] c.s.c.web.Carz4U.CarDetailsController    : End com.springboot.carz4u.web.Carz4U.CarDetailsController Class, carsList method.
2020-04-30 10:12:09.212  INFO 24336 --- [http-nio-8080-exec-6] c.s.c.web.Carz4U.CarDetailsController    : Start com.springboot.carz4u.web.Carz4U.CarDetailsController Class, carDetails method.
2020-04-30 10:12:09.344  INFO 24336 --- [http-nio-8080-exec-6] c.s.c.web.Carz4U.CarDetailsController    : if carRendered: com.springboot.carz4u.web.Carz4U.Car@1ace0dd5, carName is Tiago 
2020-04-30 10:12:09.365  INFO 24336 --- [http-nio-8080-exec-6] c.s.c.web.Carz4U.CarDetailsController    : End com.springboot.carz4u.web.Carz4U.CarDetailsController Class, carDetails method.
2020-04-30 10:12:12.852  INFO 24336 --- [http-nio-8080-exec-1] c.s.c.web.Carz4U.CarDetailsController    : Start com.springboot.carz4u.web.Carz4U.CarDetailsController Class, carsList method.
2020-04-30 10:12:12.995  INFO 24336 --- [http-nio-8080-exec-1] c.s.c.web.Carz4U.CarDetailsController    : End com.springboot.carz4u.web.Carz4U.CarDetailsController Class, carsList method.
2020-04-30 10:12:15.137  INFO 24336 --- [http-nio-8080-exec-7] c.s.c.web.Carz4U.CarDetailsController    : Start com.springboot.carz4u.web.Carz4U.CarDetailsController Class, carDetails method.
2020-04-30 10:12:15.291  INFO 24336 --- [http-nio-8080-exec-7] c.s.c.web.Carz4U.CarDetailsController    : if carRendered: com.springboot.carz4u.web.Carz4U.Car@3ebe5ac8, carName is Vitara Brezza 
2020-04-30 10:12:15.338  INFO 24336 --- [http-nio-8080-exec-7] c.s.c.web.Carz4U.CarDetailsController    : End com.springboot.carz4u.web.Carz4U.CarDetailsController Class, carDetails method.
2020-04-30 10:12:20.237  INFO 24336 --- [http-nio-8080-exec-5] c.s.c.web.Carz4U.CarDetailsController    : Start com.springboot.carz4u.web.Carz4U.CarDetailsController Class, carsList method.
2020-04-30 10:12:20.352  INFO 24336 --- [http-nio-8080-exec-5] c.s.c.web.Carz4U.CarDetailsController    : End com.springboot.carz4u.web.Carz4U.CarDetailsController Class, carsList method.
2020-04-30 10:12:27.481  INFO 24336 --- [http-nio-8080-exec-4] c.s.c.web.Carz4U.CarDetailsController    : Start com.springboot.carz4u.web.Carz4U.CarDetailsController Class, carDetails method.
2020-04-30 10:12:27.602  INFO 24336 --- [http-nio-8080-exec-4] c.s.c.web.Carz4U.CarDetailsController    : if carRendered: com.springboot.carz4u.web.Carz4U.Car@6c6302eb, carName is i20 
2020-04-30 10:12:27.693  INFO 24336 --- [http-nio-8080-exec-4] c.s.c.web.Carz4U.CarDetailsController    : End com.springboot.carz4u.web.Carz4U.CarDetailsController Class, carDetails method.
2020-04-30 10:12:41.266  INFO 24336 --- [http-nio-8080-exec-4] c.s.c.web.Carz4U.CarDetailsController    : Start com.springboot.carz4u.web.Carz4U.CarDetailsController Class, carDetails method.
2020-04-30 10:12:41.386 ERROR 24336 --- [http-nio-8080-exec-4] c.s.c.web.Carz4U.CarDetailsController    : RecordNotFoundException
2020-04-30 10:12:41.391 ERROR 24336 --- [http-nio-8080-exec-4] c.s.c.w.C.ApplicationExceptionController : Exception is RecordNotFoundException
2020-04-30 10:12:41.393  INFO 24336 --- [http-nio-8080-exec-4] c.s.c.w.C.ApplicationExceptionController : errorBean.getErrorMsg() Resource Not Found, errorBean.getErrorDetails() [Record Not found/available, ]
2020-04-30 10:12:50.176 ERROR 24336 --- [http-nio-8080-exec-1] c.s.c.web.Carz4U.AppErrorController      : com.springboot.carz4u.web.Carz4U.AppErrorController class, Exception is server error
2020-04-30 10:12:50.178  INFO 24336 --- [http-nio-8080-exec-1] c.s.c.web.Carz4U.AppErrorController      : errorBean.getErrorMsg() Internal server error!, errorBean.getErrorDetails() [Internal server error! Please try after sometime., ]
2020-04-30 10:13:43.532  INFO 24336 --- [http-nio-8080-exec-8] c.s.c.web.Carz4U.CarDetailsController    : Start com.springboot.carz4u.web.Carz4U.CarDetailsController Class, carDetails method.
2020-04-30 10:13:43.659  INFO 24336 --- [http-nio-8080-exec-8] c.s.c.web.Carz4U.CarDetailsController    : if carRendered: com.springboot.carz4u.web.Carz4U.Car@5de8c0dc, carName is XUV 500 
2020-04-30 10:13:43.736  INFO 24336 --- [http-nio-8080-exec-8] c.s.c.web.Carz4U.CarDetailsController    : End com.springboot.carz4u.web.Carz4U.CarDetailsController Class, carDetails method.
2020-04-30 10:15:11.166  INFO 24336 --- [http-nio-8080-exec-10] c.s.c.web.Carz4U.CarDetailsController    : Start com.springboot.carz4u.web.Carz4U.CarDetailsController Class, carsList method.
2020-04-30 10:15:11.362  INFO 24336 --- [http-nio-8080-exec-10] c.s.c.web.Carz4U.CarDetailsController    : End com.springboot.carz4u.web.Carz4U.CarDetailsController Class, carsList method.
2020-04-30 10:15:13.337  INFO 24336 --- [http-nio-8080-exec-9] c.s.c.web.Carz4U.CarDetailsController    : Start com.springboot.carz4u.web.Carz4U.CarDetailsController Class, carDetails method.
2020-04-30 10:15:13.417  INFO 24336 --- [http-nio-8080-exec-9] c.s.c.web.Carz4U.CarDetailsController    : if carRendered: com.springboot.carz4u.web.Carz4U.Car@4fa2276, carName is Swift 
2020-04-30 10:15:13.493  INFO 24336 --- [http-nio-8080-exec-9] c.s.c.web.Carz4U.CarDetailsController    : End com.springboot.carz4u.web.Carz4U.CarDetailsController Class, carDetails method.
2020-04-30 10:29:15.296  INFO 23676 --- [main] c.s.carz4u.web.Carz4U.Carz4UApplication  : No active profile set, falling back to default profiles: default
2020-04-30 10:29:19.476  WARN 23676 --- [main] o.s.boot.actuate.endpoint.EndpointId     : Endpoint ID 'service-registry' contains invalid characters, please migrate to a valid format.
2020-04-30 10:29:27.371  WARN 23676 --- [main] c.n.c.sources.URLConfigurationSource     : No URLs will be polled as dynamic configuration sources.
2020-04-30 10:29:29.899  WARN 23676 --- [main] c.n.c.sources.URLConfigurationSource     : No URLs will be polled as dynamic configuration sources.
2020-04-30 10:29:32.574  WARN 23676 --- [main] arterDeprecationWarningAutoConfiguration : spring-cloud-starter-eureka is deprecated as of Spring Cloud Netflix 1.4.0, please migrate to spring-cloud-starter-netflix-eureka
2020-04-30 10:29:37.844  INFO 23676 --- [main] c.s.carz4u.web.Carz4U.Carz4UApplication  : Started Carz4UApplication in 27.65 seconds (JVM running for 32.5)
2020-04-30 10:29:37.912  INFO 23676 --- [main] c.s.c.web.Carz4U.CarDetailsController    : End com.springboot.carz4u.web.Carz4U.CarDetailsController Class, main method.
2020-04-30 10:38:19.464  INFO 23676 --- [http-nio-8080-exec-3] c.s.c.web.Carz4U.CarDetailsController    : Start com.springboot.carz4u.web.Carz4U.CarDetailsController Class, carDetails method.
2020-04-30 10:38:28.201  INFO 23676 --- [http-nio-8080-exec-3] c.s.c.web.Carz4U.CarDetailsController    : if carRendered: com.springboot.carz4u.web.Carz4U.Car@14a2ad55, carName is Swift 
2020-04-30 10:38:55.167  INFO 23676 --- [http-nio-8080-exec-3] c.s.c.web.Carz4U.CarDetailsController    : End com.springboot.carz4u.web.Carz4U.CarDetailsController Class, carDetails method.
2020-04-30 10:42:47.340  INFO 23676 --- [http-nio-8080-exec-6] c.s.c.web.Carz4U.CarDetailsController    : Start com.springboot.carz4u.web.Carz4U.CarDetailsController Class, carsList method.
2020-04-30 10:42:47.644  INFO 23676 --- [http-nio-8080-exec-6] c.s.c.web.Carz4U.CarDetailsController    : End com.springboot.carz4u.web.Carz4U.CarDetailsController Class, carsList method.
2020-04-30 10:42:49.992  INFO 23676 --- [http-nio-8080-exec-4] c.s.c.web.Carz4U.CarDetailsController    : Start com.springboot.carz4u.web.Carz4U.CarDetailsController Class, carDetails method.
2020-04-30 10:42:50.077  INFO 23676 --- [http-nio-8080-exec-4] c.s.c.web.Carz4U.CarDetailsController    : if carRendered: com.springboot.carz4u.web.Carz4U.Car@51b5c19d, carName is Swift 
2020-04-30 10:42:50.127  INFO 23676 --- [http-nio-8080-exec-4] c.s.c.web.Carz4U.CarDetailsController    : End com.springboot.carz4u.web.Carz4U.CarDetailsController Class, carDetails method.
2020-04-30 10:42:57.260  INFO 23676 --- [http-nio-8080-exec-8] c.s.c.web.Carz4U.CarDetailsController    : Start com.springboot.carz4u.web.Carz4U.CarDetailsController Class, carsList method.
2020-04-30 10:42:57.437  INFO 23676 --- [http-nio-8080-exec-8] c.s.c.web.Carz4U.CarDetailsController    : End com.springboot.carz4u.web.Carz4U.CarDetailsController Class, carsList method.
2020-04-30 10:43:01.996  INFO 23676 --- [http-nio-8080-exec-7] c.s.c.web.Carz4U.CarDetailsController    : Start com.springboot.carz4u.web.Carz4U.CarDetailsController Class, carDetails method.
2020-04-30 10:43:02.112  INFO 23676 --- [http-nio-8080-exec-7] c.s.c.web.Carz4U.CarDetailsController    : if carRendered: com.springboot.carz4u.web.Carz4U.Car@801b236, carName is Nexon 
2020-04-30 10:43:02.239  INFO 23676 --- [http-nio-8080-exec-7] c.s.c.web.Carz4U.CarDetailsController    : End com.springboot.carz4u.web.Carz4U.CarDetailsController Class, carDetails method.
2020-04-30 10:43:08.451  INFO 23676 --- [http-nio-8080-exec-5] c.s.c.web.Carz4U.CarDetailsController    : Start com.springboot.carz4u.web.Carz4U.CarDetailsController Class, carsList method.
2020-04-30 10:43:08.487  INFO 23676 --- [http-nio-8080-exec-5] c.s.c.web.Carz4U.CarDetailsController    : End com.springboot.carz4u.web.Carz4U.CarDetailsController Class, carsList method.
2020-04-30 10:43:14.707  INFO 23676 --- [http-nio-8080-exec-6] c.s.c.web.Carz4U.CarDetailsController    : Start com.springboot.carz4u.web.Carz4U.CarDetailsController Class, carDetails method.
2020-04-30 10:43:14.797  INFO 23676 --- [http-nio-8080-exec-6] c.s.c.web.Carz4U.CarDetailsController    : if carRendered: com.springboot.carz4u.web.Carz4U.Car@47fa3772, carName is Verna 
2020-04-30 10:43:14.902  INFO 23676 --- [http-nio-8080-exec-6] c.s.c.web.Carz4U.CarDetailsController    : End com.springboot.carz4u.web.Carz4U.CarDetailsController Class, carDetails method.
2020-04-30 10:43:30.739  INFO 23676 --- [http-nio-8080-exec-7] c.s.c.web.Carz4U.CarDetailsController    : Start com.springboot.carz4u.web.Carz4U.CarDetailsController Class, carDetails method.
2020-04-30 10:43:30.830 ERROR 23676 --- [http-nio-8080-exec-7] c.s.c.web.Carz4U.CarDetailsController    : RecordNotFoundException
2020-04-30 10:43:30.856 ERROR 23676 --- [http-nio-8080-exec-7] c.s.c.w.C.ApplicationExceptionController : Exception is RecordNotFoundException
2020-04-30 10:43:30.875  INFO 23676 --- [http-nio-8080-exec-7] c.s.c.w.C.ApplicationExceptionController : errorBean.getErrorMsg() Resource Not Found, errorBean.getErrorDetails() [Record Not found/available, ]
2020-04-30 10:43:40.928 ERROR 23676 --- [http-nio-8080-exec-1] c.s.c.web.Carz4U.AppErrorController      : com.springboot.carz4u.web.Carz4U.AppErrorController class, Exception is server error
2020-04-30 10:43:40.931  INFO 23676 --- [http-nio-8080-exec-1] c.s.c.web.Carz4U.AppErrorController      : errorBean.getErrorMsg() Internal server error!, errorBean.getErrorDetails() [Internal server error! Please try after sometime., ]
2020-04-30 10:44:15.759  INFO 23676 --- [http-nio-8080-exec-2] c.s.c.web.Carz4U.CarDetailsController    : Start com.springboot.carz4u.web.Carz4U.CarDetailsController Class, carsList method.
2020-04-30 10:44:15.894  INFO 23676 --- [http-nio-8080-exec-2] c.s.c.web.Carz4U.CarDetailsController    : End com.springboot.carz4u.web.Carz4U.CarDetailsController Class, carsList method.
2020-04-30 10:44:24.565  INFO 23676 --- [http-nio-8080-exec-9] c.s.c.web.Carz4U.CarDetailsController    : Start com.springboot.carz4u.web.Carz4U.CarDetailsController Class, carDetails method.
2020-04-30 10:44:24.639  INFO 23676 --- [http-nio-8080-exec-9] c.s.c.web.Carz4U.CarDetailsController    : if carRendered: com.springboot.carz4u.web.Carz4U.Car@1d22f0a, carName is Dzire 
2020-04-30 10:44:24.705  INFO 23676 --- [http-nio-8080-exec-9] c.s.c.web.Carz4U.CarDetailsController    : End com.springboot.carz4u.web.Carz4U.CarDetailsController Class, carDetails method.
2020-04-30 10:44:45.964  INFO 23676 --- [http-nio-8080-exec-6] c.s.c.web.Carz4U.CarDetailsController    : Start com.springboot.carz4u.web.Carz4U.CarDetailsController Class, carsList method.
2020-04-30 10:44:46.087  INFO 23676 --- [http-nio-8080-exec-6] c.s.c.web.Carz4U.CarDetailsController    : End com.springboot.carz4u.web.Carz4U.CarDetailsController Class, carsList method.
2020-04-30 10:44:47.566  INFO 23676 --- [http-nio-8080-exec-8] c.s.c.web.Carz4U.CarDetailsController    : Start com.springboot.carz4u.web.Carz4U.CarDetailsController Class, carDetails method.
2020-04-30 10:44:47.642  INFO 23676 --- [http-nio-8080-exec-8] c.s.c.web.Carz4U.CarDetailsController    : if carRendered: com.springboot.carz4u.web.Carz4U.Car@d21ec56, carName is XUV 500 
2020-04-30 10:44:47.842  INFO 23676 --- [http-nio-8080-exec-8] c.s.c.web.Carz4U.CarDetailsController    : End com.springboot.carz4u.web.Carz4U.CarDetailsController Class, carDetails method.
2020-04-30 10:47:43.555 ERROR 23676 --- [DiscoveryClient-CacheRefreshExecutor-0] c.n.d.s.t.d.RedirectingEurekaHttpClient  : Request execution error. endpoint=DefaultEndpoint{ serviceUrl='http://localhost:1111/eureka/}

com.sun.jersey.api.client.ClientHandlerException: java.net.ConnectException: Connection refused: connect
	at com.sun.jersey.client.apache4.ApacheHttpClient4Handler.handle(ApacheHttpClient4Handler.java:187) ~[jersey-apache-client4-1.19.1.jar:1.19.1]
	at com.sun.jersey.api.client.filter.GZIPContentEncodingFilter.handle(GZIPContentEncodingFilter.java:123) ~[jersey-client-1.19.1.jar:1.19.1]
	at com.netflix.discovery.EurekaIdentityHeaderFilter.handle(EurekaIdentityHeaderFilter.java:27) ~[eureka-client-1.9.8.jar:1.9.8]
	at com.sun.jersey.api.client.Client.handle(Client.java:652) ~[jersey-client-1.19.1.jar:1.19.1]
	at com.sun.jersey.api.client.WebResource.handle(WebResource.java:682) ~[jersey-client-1.19.1.jar:1.19.1]
	at com.sun.jersey.api.client.WebResource.access$200(WebResource.java:74) ~[jersey-client-1.19.1.jar:1.19.1]
	at com.sun.jersey.api.client.WebResource$Builder.get(WebResource.java:509) ~[jersey-client-1.19.1.jar:1.19.1]
	at com.netflix.discovery.shared.transport.jersey.AbstractJerseyEurekaHttpClient.getApplicationsInternal(AbstractJerseyEurekaHttpClient.java:194) ~[eureka-client-1.9.8.jar:1.9.8]
	at com.netflix.discovery.shared.transport.jersey.AbstractJerseyEurekaHttpClient.getDelta(AbstractJerseyEurekaHttpClient.java:170) ~[eureka-client-1.9.8.jar:1.9.8]
	at com.netflix.discovery.shared.transport.decorator.EurekaHttpClientDecorator$7.execute(EurekaHttpClientDecorator.java:152) [eureka-client-1.9.8.jar:1.9.8]
	at com.netflix.discovery.shared.transport.decorator.MetricsCollectingEurekaHttpClient.execute(MetricsCollectingEurekaHttpClient.java:73) ~[eureka-client-1.9.8.jar:1.9.8]
	at com.netflix.discovery.shared.transport.decorator.EurekaHttpClientDecorator.getDelta(EurekaHttpClientDecorator.java:149) [eureka-client-1.9.8.jar:1.9.8]
	at com.netflix.discovery.shared.transport.decorator.EurekaHttpClientDecorator$7.execute(EurekaHttpClientDecorator.java:152) [eureka-client-1.9.8.jar:1.9.8]
	at com.netflix.discovery.shared.transport.decorator.RedirectingEurekaHttpClient.execute(RedirectingEurekaHttpClient.java:89) ~[eureka-client-1.9.8.jar:1.9.8]
	at com.netflix.discovery.shared.transport.decorator.EurekaHttpClientDecorator.getDelta(EurekaHttpClientDecorator.java:149) [eureka-client-1.9.8.jar:1.9.8]
	at com.netflix.discovery.shared.transport.decorator.EurekaHttpClientDecorator$7.execute(EurekaHttpClientDecorator.java:152) [eureka-client-1.9.8.jar:1.9.8]
	at com.netflix.discovery.shared.transport.decorator.RetryableEurekaHttpClient.execute(RetryableEurekaHttpClient.java:120) [eureka-client-1.9.8.jar:1.9.8]
	at com.netflix.discovery.shared.transport.decorator.EurekaHttpClientDecorator.getDelta(EurekaHttpClientDecorator.java:149) [eureka-client-1.9.8.jar:1.9.8]
	at com.netflix.discovery.shared.transport.decorator.EurekaHttpClientDecorator$7.execute(EurekaHttpClientDecorator.java:152) [eureka-client-1.9.8.jar:1.9.8]
	at com.netflix.discovery.shared.transport.decorator.SessionedEurekaHttpClient.execute(SessionedEurekaHttpClient.java:77) [eureka-client-1.9.8.jar:1.9.8]
	at com.netflix.discovery.shared.transport.decorator.EurekaHttpClientDecorator.getDelta(EurekaHttpClientDecorator.java:149) [eureka-client-1.9.8.jar:1.9.8]
	at com.netflix.discovery.DiscoveryClient.getAndUpdateDelta(DiscoveryClient.java:1085) [eureka-client-1.9.8.jar:1.9.8]
	at com.netflix.discovery.DiscoveryClient.fetchRegistry(DiscoveryClient.java:967) [eureka-client-1.9.8.jar:1.9.8]
	at com.netflix.discovery.DiscoveryClient.refreshRegistry(DiscoveryClient.java:1479) [eureka-client-1.9.8.jar:1.9.8]
	at com.netflix.discovery.DiscoveryClient$CacheRefreshThread.run(DiscoveryClient.java:1446) [eureka-client-1.9.8.jar:1.9.8]
	at java.util.concurrent.Executors$RunnableAdapter.call(Unknown Source) [na:1.8.0_241]
	at java.util.concurrent.FutureTask.run(Unknown Source) [na:1.8.0_241]
	at java.util.concurrent.ThreadPoolExecutor.runWorker(Unknown Source) [na:1.8.0_241]
	at java.util.concurrent.ThreadPoolExecutor$Worker.run(Unknown Source) [na:1.8.0_241]
	at java.lang.Thread.run(Unknown Source) [na:1.8.0_241]
Caused by: java.net.ConnectException: Connection refused: connect
	at java.net.DualStackPlainSocketImpl.waitForConnect(Native Method) ~[na:1.8.0_241]
	at java.net.DualStackPlainSocketImpl.socketConnect(Unknown Source) ~[na:1.8.0_241]
	at java.net.AbstractPlainSocketImpl.doConnect(Unknown Source) ~[na:1.8.0_241]
	at java.net.AbstractPlainSocketImpl.connectToAddress(Unknown Source) ~[na:1.8.0_241]
	at java.net.AbstractPlainSocketImpl.connect(Unknown Source) ~[na:1.8.0_241]
	at java.net.PlainSocketImpl.connect(Unknown Source) ~[na:1.8.0_241]
	at java.net.SocksSocketImpl.connect(Unknown Source) ~[na:1.8.0_241]
	at java.net.Socket.connect(Unknown Source) ~[na:1.8.0_241]
	at org.apache.http.conn.scheme.PlainSocketFactory.connectSocket(PlainSocketFactory.java:121) ~[httpclient-4.5.7.jar:4.5.7]
	at org.apache.http.impl.conn.DefaultClientConnectionOperator.openConnection(DefaultClientConnectionOperator.java:180) ~[httpclient-4.5.7.jar:4.5.7]
	at org.apache.http.impl.conn.AbstractPoolEntry.open(AbstractPoolEntry.java:144) ~[httpclient-4.5.7.jar:4.5.7]
	at org.apache.http.impl.conn.AbstractPooledConnAdapter.open(AbstractPooledConnAdapter.java:134) ~[httpclient-4.5.7.jar:4.5.7]
	at org.apache.http.impl.client.DefaultRequestDirector.tryConnect(DefaultRequestDirector.java:605) ~[httpclient-4.5.7.jar:4.5.7]
	at org.apache.http.impl.client.DefaultRequestDirector.execute(DefaultRequestDirector.java:440) ~[httpclient-4.5.7.jar:4.5.7]
	at org.apache.http.impl.client.AbstractHttpClient.doExecute(AbstractHttpClient.java:835) ~[httpclient-4.5.7.jar:4.5.7]
	at org.apache.http.impl.client.CloseableHttpClient.execute(CloseableHttpClient.java:118) ~[httpclient-4.5.7.jar:4.5.7]
	at org.apache.http.impl.client.CloseableHttpClient.execute(CloseableHttpClient.java:56) ~[httpclient-4.5.7.jar:4.5.7]
	at com.sun.jersey.client.apache4.ApacheHttpClient4Handler.handle(ApacheHttpClient4Handler.java:173) ~[jersey-apache-client4-1.19.1.jar:1.19.1]
	... 29 common frames omitted

2020-04-30 10:47:43.562  WARN 23676 --- [DiscoveryClient-CacheRefreshExecutor-0] c.n.d.s.t.d.RetryableEurekaHttpClient    : Request execution failed with message: java.net.ConnectException: Connection refused: connect
2020-04-30 10:47:44.288 ERROR 23676 --- [DiscoveryClient-HeartbeatExecutor-0] c.n.d.s.t.d.RedirectingEurekaHttpClient  : Request execution error. endpoint=DefaultEndpoint{ serviceUrl='http://localhost:1111/eureka/}

com.sun.jersey.api.client.ClientHandlerException: java.net.ConnectException: Connection refused: connect
	at com.sun.jersey.client.apache4.ApacheHttpClient4Handler.handle(ApacheHttpClient4Handler.java:187) ~[jersey-apache-client4-1.19.1.jar:1.19.1]
	at com.sun.jersey.api.client.filter.GZIPContentEncodingFilter.handle(GZIPContentEncodingFilter.java:123) ~[jersey-client-1.19.1.jar:1.19.1]
	at com.netflix.discovery.EurekaIdentityHeaderFilter.handle(EurekaIdentityHeaderFilter.java:27) ~[eureka-client-1.9.8.jar:1.9.8]
	at com.sun.jersey.api.client.Client.handle(Client.java:652) ~[jersey-client-1.19.1.jar:1.19.1]
	at com.sun.jersey.api.client.WebResource.handle(WebResource.java:682) ~[jersey-client-1.19.1.jar:1.19.1]
	at com.sun.jersey.api.client.WebResource.access$200(WebResource.java:74) ~[jersey-client-1.19.1.jar:1.19.1]
	at com.sun.jersey.api.client.WebResource$Builder.put(WebResource.java:529) ~[jersey-client-1.19.1.jar:1.19.1]
	at com.netflix.discovery.shared.transport.jersey.AbstractJerseyEurekaHttpClient.sendHeartBeat(AbstractJerseyEurekaHttpClient.java:102) ~[eureka-client-1.9.8.jar:1.9.8]
	at com.netflix.discovery.shared.transport.decorator.EurekaHttpClientDecorator$3.execute(EurekaHttpClientDecorator.java:92) [eureka-client-1.9.8.jar:1.9.8]
	at com.netflix.discovery.shared.transport.decorator.MetricsCollectingEurekaHttpClient.execute(MetricsCollectingEurekaHttpClient.java:73) ~[eureka-client-1.9.8.jar:1.9.8]
	at com.netflix.discovery.shared.transport.decorator.EurekaHttpClientDecorator.sendHeartBeat(EurekaHttpClientDecorator.java:89) [eureka-client-1.9.8.jar:1.9.8]
	at com.netflix.discovery.shared.transport.decorator.EurekaHttpClientDecorator$3.execute(EurekaHttpClientDecorator.java:92) [eureka-client-1.9.8.jar:1.9.8]
	at com.netflix.discovery.shared.transport.decorator.RedirectingEurekaHttpClient.execute(RedirectingEurekaHttpClient.java:89) ~[eureka-client-1.9.8.jar:1.9.8]
	at com.netflix.discovery.shared.transport.decorator.EurekaHttpClientDecorator.sendHeartBeat(EurekaHttpClientDecorator.java:89) [eureka-client-1.9.8.jar:1.9.8]
	at com.netflix.discovery.shared.transport.decorator.EurekaHttpClientDecorator$3.execute(EurekaHttpClientDecorator.java:92) [eureka-client-1.9.8.jar:1.9.8]
	at com.netflix.discovery.shared.transport.decorator.RetryableEurekaHttpClient.execute(RetryableEurekaHttpClient.java:120) [eureka-client-1.9.8.jar:1.9.8]
	at com.netflix.discovery.shared.transport.decorator.EurekaHttpClientDecorator.sendHeartBeat(EurekaHttpClientDecorator.java:89) [eureka-client-1.9.8.jar:1.9.8]
	at com.netflix.discovery.shared.transport.decorator.EurekaHttpClientDecorator$3.execute(EurekaHttpClientDecorator.java:92) [eureka-client-1.9.8.jar:1.9.8]
	at com.netflix.discovery.shared.transport.decorator.SessionedEurekaHttpClient.execute(SessionedEurekaHttpClient.java:77) [eureka-client-1.9.8.jar:1.9.8]
	at com.netflix.discovery.shared.transport.decorator.EurekaHttpClientDecorator.sendHeartBeat(EurekaHttpClientDecorator.java:89) [eureka-client-1.9.8.jar:1.9.8]
	at com.netflix.discovery.DiscoveryClient.renew(DiscoveryClient.java:846) [eureka-client-1.9.8.jar:1.9.8]
	at com.netflix.discovery.DiscoveryClient$HeartbeatThread.run(DiscoveryClient.java:1405) [eureka-client-1.9.8.jar:1.9.8]
	at java.util.concurrent.Executors$RunnableAdapter.call(Unknown Source) [na:1.8.0_241]
	at java.util.concurrent.FutureTask.run(Unknown Source) [na:1.8.0_241]
	at java.util.concurrent.ThreadPoolExecutor.runWorker(Unknown Source) [na:1.8.0_241]
	at java.util.concurrent.ThreadPoolExecutor$Worker.run(Unknown Source) [na:1.8.0_241]
	at java.lang.Thread.run(Unknown Source) [na:1.8.0_241]
Caused by: java.net.ConnectException: Connection refused: connect
	at java.net.DualStackPlainSocketImpl.waitForConnect(Native Method) ~[na:1.8.0_241]
	at java.net.DualStackPlainSocketImpl.socketConnect(Unknown Source) ~[na:1.8.0_241]
	at java.net.AbstractPlainSocketImpl.doConnect(Unknown Source) ~[na:1.8.0_241]
	at java.net.AbstractPlainSocketImpl.connectToAddress(Unknown Source) ~[na:1.8.0_241]
	at java.net.AbstractPlainSocketImpl.connect(Unknown Source) ~[na:1.8.0_241]
	at java.net.PlainSocketImpl.connect(Unknown Source) ~[na:1.8.0_241]
	at java.net.SocksSocketImpl.connect(Unknown Source) ~[na:1.8.0_241]
	at java.net.Socket.connect(Unknown Source) ~[na:1.8.0_241]
	at org.apache.http.conn.scheme.PlainSocketFactory.connectSocket(PlainSocketFactory.java:121) ~[httpclient-4.5.7.jar:4.5.7]
	at org.apache.http.impl.conn.DefaultClientConnectionOperator.openConnection(DefaultClientConnectionOperator.java:180) ~[httpclient-4.5.7.jar:4.5.7]
	at org.apache.http.impl.conn.AbstractPoolEntry.open(AbstractPoolEntry.java:144) ~[httpclient-4.5.7.jar:4.5.7]
	at org.apache.http.impl.conn.AbstractPooledConnAdapter.open(AbstractPooledConnAdapter.java:134) ~[httpclient-4.5.7.jar:4.5.7]
	at org.apache.http.impl.client.DefaultRequestDirector.tryConnect(DefaultRequestDirector.java:605) ~[httpclient-4.5.7.jar:4.5.7]
	at org.apache.http.impl.client.DefaultRequestDirector.execute(DefaultRequestDirector.java:440) ~[httpclient-4.5.7.jar:4.5.7]
	at org.apache.http.impl.client.AbstractHttpClient.doExecute(AbstractHttpClient.java:835) ~[httpclient-4.5.7.jar:4.5.7]
	at org.apache.http.impl.client.CloseableHttpClient.execute(CloseableHttpClient.java:118) ~[httpclient-4.5.7.jar:4.5.7]
	at org.apache.http.impl.client.CloseableHttpClient.execute(CloseableHttpClient.java:56) ~[httpclient-4.5.7.jar:4.5.7]
	at com.sun.jersey.client.apache4.ApacheHttpClient4Handler.handle(ApacheHttpClient4Handler.java:173) ~[jersey-apache-client4-1.19.1.jar:1.19.1]
	... 26 common frames omitted

2020-04-30 10:47:44.292  WARN 23676 --- [DiscoveryClient-HeartbeatExecutor-0] c.n.d.s.t.d.RetryableEurekaHttpClient    : Request execution failed with message: java.net.ConnectException: Connection refused: connect
2020-04-30 10:47:47.580 ERROR 23676 --- [DiscoveryClient-CacheRefreshExecutor-0] c.n.d.s.t.d.RedirectingEurekaHttpClient  : Request execution error. endpoint=DefaultEndpoint{ serviceUrl='http://localhost:1111/eureka/}

com.sun.jersey.api.client.ClientHandlerException: java.net.ConnectException: Connection refused: connect
	at com.sun.jersey.client.apache4.ApacheHttpClient4Handler.handle(ApacheHttpClient4Handler.java:187) ~[jersey-apache-client4-1.19.1.jar:1.19.1]
	at com.sun.jersey.api.client.filter.GZIPContentEncodingFilter.handle(GZIPContentEncodingFilter.java:123) ~[jersey-client-1.19.1.jar:1.19.1]
	at com.netflix.discovery.EurekaIdentityHeaderFilter.handle(EurekaIdentityHeaderFilter.java:27) ~[eureka-client-1.9.8.jar:1.9.8]
	at com.sun.jersey.api.client.Client.handle(Client.java:652) ~[jersey-client-1.19.1.jar:1.19.1]
	at com.sun.jersey.api.client.WebResource.handle(WebResource.java:682) ~[jersey-client-1.19.1.jar:1.19.1]
	at com.sun.jersey.api.client.WebResource.access$200(WebResource.java:74) ~[jersey-client-1.19.1.jar:1.19.1]
	at com.sun.jersey.api.client.WebResource$Builder.get(WebResource.java:509) ~[jersey-client-1.19.1.jar:1.19.1]
	at com.netflix.discovery.shared.transport.jersey.AbstractJerseyEurekaHttpClient.getApplicationsInternal(AbstractJerseyEurekaHttpClient.java:194) ~[eureka-client-1.9.8.jar:1.9.8]
	at com.netflix.discovery.shared.transport.jersey.AbstractJerseyEurekaHttpClient.getDelta(AbstractJerseyEurekaHttpClient.java:170) ~[eureka-client-1.9.8.jar:1.9.8]
	at com.netflix.discovery.shared.transport.decorator.EurekaHttpClientDecorator$7.execute(EurekaHttpClientDecorator.java:152) [eureka-client-1.9.8.jar:1.9.8]
	at com.netflix.discovery.shared.transport.decorator.MetricsCollectingEurekaHttpClient.execute(MetricsCollectingEurekaHttpClient.java:73) ~[eureka-client-1.9.8.jar:1.9.8]
	at com.netflix.discovery.shared.transport.decorator.EurekaHttpClientDecorator.getDelta(EurekaHttpClientDecorator.java:149) [eureka-client-1.9.8.jar:1.9.8]
	at com.netflix.discovery.shared.transport.decorator.EurekaHttpClientDecorator$7.execute(EurekaHttpClientDecorator.java:152) [eureka-client-1.9.8.jar:1.9.8]
	at com.netflix.discovery.shared.transport.decorator.RedirectingEurekaHttpClient.executeOnNewServer(RedirectingEurekaHttpClient.java:118) ~[eureka-client-1.9.8.jar:1.9.8]
	at com.netflix.discovery.shared.transport.decorator.RedirectingEurekaHttpClient.execute(RedirectingEurekaHttpClient.java:79) ~[eureka-client-1.9.8.jar:1.9.8]
	at com.netflix.discovery.shared.transport.decorator.EurekaHttpClientDecorator.getDelta(EurekaHttpClientDecorator.java:149) [eureka-client-1.9.8.jar:1.9.8]
	at com.netflix.discovery.shared.transport.decorator.EurekaHttpClientDecorator$7.execute(EurekaHttpClientDecorator.java:152) [eureka-client-1.9.8.jar:1.9.8]
	at com.netflix.discovery.shared.transport.decorator.RetryableEurekaHttpClient.execute(RetryableEurekaHttpClient.java:120) [eureka-client-1.9.8.jar:1.9.8]
	at com.netflix.discovery.shared.transport.decorator.EurekaHttpClientDecorator.getDelta(EurekaHttpClientDecorator.java:149) [eureka-client-1.9.8.jar:1.9.8]
	at com.netflix.discovery.shared.transport.decorator.EurekaHttpClientDecorator$7.execute(EurekaHttpClientDecorator.java:152) [eureka-client-1.9.8.jar:1.9.8]
	at com.netflix.discovery.shared.transport.decorator.SessionedEurekaHttpClient.execute(SessionedEurekaHttpClient.java:77) [eureka-client-1.9.8.jar:1.9.8]
	at com.netflix.discovery.shared.transport.decorator.EurekaHttpClientDecorator.getDelta(EurekaHttpClientDecorator.java:149) [eureka-client-1.9.8.jar:1.9.8]
	at com.netflix.discovery.DiscoveryClient.getAndUpdateDelta(DiscoveryClient.java:1085) [eureka-client-1.9.8.jar:1.9.8]
	at com.netflix.discovery.DiscoveryClient.fetchRegistry(DiscoveryClient.java:967) [eureka-client-1.9.8.jar:1.9.8]
	at com.netflix.discovery.DiscoveryClient.refreshRegistry(DiscoveryClient.java:1479) [eureka-client-1.9.8.jar:1.9.8]
	at com.netflix.discovery.DiscoveryClient$CacheRefreshThread.run(DiscoveryClient.java:1446) [eureka-client-1.9.8.jar:1.9.8]
	at java.util.concurrent.Executors$RunnableAdapter.call(Unknown Source) [na:1.8.0_241]
	at java.util.concurrent.FutureTask.run(Unknown Source) [na:1.8.0_241]
	at java.util.concurrent.ThreadPoolExecutor.runWorker(Unknown Source) [na:1.8.0_241]
	at java.util.concurrent.ThreadPoolExecutor$Worker.run(Unknown Source) [na:1.8.0_241]
	at java.lang.Thread.run(Unknown Source) [na:1.8.0_241]
Caused by: java.net.ConnectException: Connection refused: connect
	at java.net.DualStackPlainSocketImpl.waitForConnect(Native Method) ~[na:1.8.0_241]
	at java.net.DualStackPlainSocketImpl.socketConnect(Unknown Source) ~[na:1.8.0_241]
	at java.net.AbstractPlainSocketImpl.doConnect(Unknown Source) ~[na:1.8.0_241]
	at java.net.AbstractPlainSocketImpl.connectToAddress(Unknown Source) ~[na:1.8.0_241]
	at java.net.AbstractPlainSocketImpl.connect(Unknown Source) ~[na:1.8.0_241]
	at java.net.PlainSocketImpl.connect(Unknown Source) ~[na:1.8.0_241]
	at java.net.SocksSocketImpl.connect(Unknown Source) ~[na:1.8.0_241]
	at java.net.Socket.connect(Unknown Source) ~[na:1.8.0_241]
	at org.apache.http.conn.scheme.PlainSocketFactory.connectSocket(PlainSocketFactory.java:121) ~[httpclient-4.5.7.jar:4.5.7]
	at org.apache.http.impl.conn.DefaultClientConnectionOperator.openConnection(DefaultClientConnectionOperator.java:180) ~[httpclient-4.5.7.jar:4.5.7]
	at org.apache.http.impl.conn.AbstractPoolEntry.open(AbstractPoolEntry.java:144) ~[httpclient-4.5.7.jar:4.5.7]
	at org.apache.http.impl.conn.AbstractPooledConnAdapter.open(AbstractPooledConnAdapter.java:134) ~[httpclient-4.5.7.jar:4.5.7]
	at org.apache.http.impl.client.DefaultRequestDirector.tryConnect(DefaultRequestDirector.java:605) ~[httpclient-4.5.7.jar:4.5.7]
	at org.apache.http.impl.client.DefaultRequestDirector.execute(DefaultRequestDirector.java:440) ~[httpclient-4.5.7.jar:4.5.7]
	at org.apache.http.impl.client.AbstractHttpClient.doExecute(AbstractHttpClient.java:835) ~[httpclient-4.5.7.jar:4.5.7]
	at org.apache.http.impl.client.CloseableHttpClient.execute(CloseableHttpClient.java:118) ~[httpclient-4.5.7.jar:4.5.7]
	at org.apache.http.impl.client.CloseableHttpClient.execute(CloseableHttpClient.java:56) ~[httpclient-4.5.7.jar:4.5.7]
	at com.sun.jersey.client.apache4.ApacheHttpClient4Handler.handle(ApacheHttpClient4Handler.java:173) ~[jersey-apache-client4-1.19.1.jar:1.19.1]
	... 30 common frames omitted

2020-04-30 10:47:47.584  WARN 23676 --- [DiscoveryClient-CacheRefreshExecutor-0] c.n.d.s.t.d.RetryableEurekaHttpClient    : Request execution failed with message: java.net.ConnectException: Connection refused: connect
2020-04-30 10:47:47.588 ERROR 23676 --- [DiscoveryClient-CacheRefreshExecutor-0] com.netflix.discovery.DiscoveryClient    : DiscoveryClient_CARZ4U-WEB/192.168.0.10:carz4u-web - was unable to refresh its cache! status = Cannot execute request on any known server

com.netflix.discovery.shared.transport.TransportException: Cannot execute request on any known server
	at com.netflix.discovery.shared.transport.decorator.RetryableEurekaHttpClient.execute(RetryableEurekaHttpClient.java:112) ~[eureka-client-1.9.8.jar:1.9.8]
	at com.netflix.discovery.shared.transport.decorator.EurekaHttpClientDecorator.getDelta(EurekaHttpClientDecorator.java:149) ~[eureka-client-1.9.8.jar:1.9.8]
	at com.netflix.discovery.shared.transport.decorator.EurekaHttpClientDecorator$7.execute(EurekaHttpClientDecorator.java:152) ~[eureka-client-1.9.8.jar:1.9.8]
	at com.netflix.discovery.shared.transport.decorator.SessionedEurekaHttpClient.execute(SessionedEurekaHttpClient.java:77) ~[eureka-client-1.9.8.jar:1.9.8]
	at com.netflix.discovery.shared.transport.decorator.EurekaHttpClientDecorator.getDelta(EurekaHttpClientDecorator.java:149) ~[eureka-client-1.9.8.jar:1.9.8]
	at com.netflix.discovery.DiscoveryClient.getAndUpdateDelta(DiscoveryClient.java:1085) [eureka-client-1.9.8.jar:1.9.8]
	at com.netflix.discovery.DiscoveryClient.fetchRegistry(DiscoveryClient.java:967) [eureka-client-1.9.8.jar:1.9.8]
	at com.netflix.discovery.DiscoveryClient.refreshRegistry(DiscoveryClient.java:1479) [eureka-client-1.9.8.jar:1.9.8]
	at com.netflix.discovery.DiscoveryClient$CacheRefreshThread.run(DiscoveryClient.java:1446) [eureka-client-1.9.8.jar:1.9.8]
	at java.util.concurrent.Executors$RunnableAdapter.call(Unknown Source) [na:1.8.0_241]
	at java.util.concurrent.FutureTask.run(Unknown Source) [na:1.8.0_241]
	at java.util.concurrent.ThreadPoolExecutor.runWorker(Unknown Source) [na:1.8.0_241]
	at java.util.concurrent.ThreadPoolExecutor$Worker.run(Unknown Source) [na:1.8.0_241]
	at java.lang.Thread.run(Unknown Source) [na:1.8.0_241]

2020-04-30 10:47:48.309 ERROR 23676 --- [DiscoveryClient-HeartbeatExecutor-0] c.n.d.s.t.d.RedirectingEurekaHttpClient  : Request execution error. endpoint=DefaultEndpoint{ serviceUrl='http://localhost:1111/eureka/}

com.sun.jersey.api.client.ClientHandlerException: java.net.ConnectException: Connection refused: connect
	at com.sun.jersey.client.apache4.ApacheHttpClient4Handler.handle(ApacheHttpClient4Handler.java:187) ~[jersey-apache-client4-1.19.1.jar:1.19.1]
	at com.sun.jersey.api.client.filter.GZIPContentEncodingFilter.handle(GZIPContentEncodingFilter.java:123) ~[jersey-client-1.19.1.jar:1.19.1]
	at com.netflix.discovery.EurekaIdentityHeaderFilter.handle(EurekaIdentityHeaderFilter.java:27) ~[eureka-client-1.9.8.jar:1.9.8]
	at com.sun.jersey.api.client.Client.handle(Client.java:652) ~[jersey-client-1.19.1.jar:1.19.1]
	at com.sun.jersey.api.client.WebResource.handle(WebResource.java:682) ~[jersey-client-1.19.1.jar:1.19.1]
	at com.sun.jersey.api.client.WebResource.access$200(WebResource.java:74) ~[jersey-client-1.19.1.jar:1.19.1]
	at com.sun.jersey.api.client.WebResource$Builder.put(WebResource.java:529) ~[jersey-client-1.19.1.jar:1.19.1]
	at com.netflix.discovery.shared.transport.jersey.AbstractJerseyEurekaHttpClient.sendHeartBeat(AbstractJerseyEurekaHttpClient.java:102) ~[eureka-client-1.9.8.jar:1.9.8]
	at com.netflix.discovery.shared.transport.decorator.EurekaHttpClientDecorator$3.execute(EurekaHttpClientDecorator.java:92) [eureka-client-1.9.8.jar:1.9.8]
	at com.netflix.discovery.shared.transport.decorator.MetricsCollectingEurekaHttpClient.execute(MetricsCollectingEurekaHttpClient.java:73) ~[eureka-client-1.9.8.jar:1.9.8]
	at com.netflix.discovery.shared.transport.decorator.EurekaHttpClientDecorator.sendHeartBeat(EurekaHttpClientDecorator.java:89) [eureka-client-1.9.8.jar:1.9.8]
	at com.netflix.discovery.shared.transport.decorator.EurekaHttpClientDecorator$3.execute(EurekaHttpClientDecorator.java:92) [eureka-client-1.9.8.jar:1.9.8]
	at com.netflix.discovery.shared.transport.decorator.RedirectingEurekaHttpClient.executeOnNewServer(RedirectingEurekaHttpClient.java:118) ~[eureka-client-1.9.8.jar:1.9.8]
	at com.netflix.discovery.shared.transport.decorator.RedirectingEurekaHttpClient.execute(RedirectingEurekaHttpClient.java:79) ~[eureka-client-1.9.8.jar:1.9.8]
	at com.netflix.discovery.shared.transport.decorator.EurekaHttpClientDecorator.sendHeartBeat(EurekaHttpClientDecorator.java:89) [eureka-client-1.9.8.jar:1.9.8]
	at com.netflix.discovery.shared.transport.decorator.EurekaHttpClientDecorator$3.execute(EurekaHttpClientDecorator.java:92) [eureka-client-1.9.8.jar:1.9.8]
	at com.netflix.discovery.shared.transport.decorator.RetryableEurekaHttpClient.execute(RetryableEurekaHttpClient.java:120) [eureka-client-1.9.8.jar:1.9.8]
	at com.netflix.discovery.shared.transport.decorator.EurekaHttpClientDecorator.sendHeartBeat(EurekaHttpClientDecorator.java:89) [eureka-client-1.9.8.jar:1.9.8]
	at com.netflix.discovery.shared.transport.decorator.EurekaHttpClientDecorator$3.execute(EurekaHttpClientDecorator.java:92) [eureka-client-1.9.8.jar:1.9.8]
	at com.netflix.discovery.shared.transport.decorator.SessionedEurekaHttpClient.execute(SessionedEurekaHttpClient.java:77) [eureka-client-1.9.8.jar:1.9.8]
	at com.netflix.discovery.shared.transport.decorator.EurekaHttpClientDecorator.sendHeartBeat(EurekaHttpClientDecorator.java:89) [eureka-client-1.9.8.jar:1.9.8]
	at com.netflix.discovery.DiscoveryClient.renew(DiscoveryClient.java:846) [eureka-client-1.9.8.jar:1.9.8]
	at com.netflix.discovery.DiscoveryClient$HeartbeatThread.run(DiscoveryClient.java:1405) [eureka-client-1.9.8.jar:1.9.8]
	at java.util.concurrent.Executors$RunnableAdapter.call(Unknown Source) [na:1.8.0_241]
	at java.util.concurrent.FutureTask.run(Unknown Source) [na:1.8.0_241]
	at java.util.concurrent.ThreadPoolExecutor.runWorker(Unknown Source) [na:1.8.0_241]
	at java.util.concurrent.ThreadPoolExecutor$Worker.run(Unknown Source) [na:1.8.0_241]
	at java.lang.Thread.run(Unknown Source) [na:1.8.0_241]
Caused by: java.net.ConnectException: Connection refused: connect
	at java.net.DualStackPlainSocketImpl.waitForConnect(Native Method) ~[na:1.8.0_241]
	at java.net.DualStackPlainSocketImpl.socketConnect(Unknown Source) ~[na:1.8.0_241]
	at java.net.AbstractPlainSocketImpl.doConnect(Unknown Source) ~[na:1.8.0_241]
	at java.net.AbstractPlainSocketImpl.connectToAddress(Unknown Source) ~[na:1.8.0_241]
	at java.net.AbstractPlainSocketImpl.connect(Unknown Source) ~[na:1.8.0_241]
	at java.net.PlainSocketImpl.connect(Unknown Source) ~[na:1.8.0_241]
	at java.net.SocksSocketImpl.connect(Unknown Source) ~[na:1.8.0_241]
	at java.net.Socket.connect(Unknown Source) ~[na:1.8.0_241]
	at org.apache.http.conn.scheme.PlainSocketFactory.connectSocket(PlainSocketFactory.java:121) ~[httpclient-4.5.7.jar:4.5.7]
	at org.apache.http.impl.conn.DefaultClientConnectionOperator.openConnection(DefaultClientConnectionOperator.java:180) ~[httpclient-4.5.7.jar:4.5.7]
	at org.apache.http.impl.conn.AbstractPoolEntry.open(AbstractPoolEntry.java:144) ~[httpclient-4.5.7.jar:4.5.7]
	at org.apache.http.impl.conn.AbstractPooledConnAdapter.open(AbstractPooledConnAdapter.java:134) ~[httpclient-4.5.7.jar:4.5.7]
	at org.apache.http.impl.client.DefaultRequestDirector.tryConnect(DefaultRequestDirector.java:605) ~[httpclient-4.5.7.jar:4.5.7]
	at org.apache.http.impl.client.DefaultRequestDirector.execute(DefaultRequestDirector.java:440) ~[httpclient-4.5.7.jar:4.5.7]
	at org.apache.http.impl.client.AbstractHttpClient.doExecute(AbstractHttpClient.java:835) ~[httpclient-4.5.7.jar:4.5.7]
	at org.apache.http.impl.client.CloseableHttpClient.execute(CloseableHttpClient.java:118) ~[httpclient-4.5.7.jar:4.5.7]
	at org.apache.http.impl.client.CloseableHttpClient.execute(CloseableHttpClient.java:56) ~[httpclient-4.5.7.jar:4.5.7]
	at com.sun.jersey.client.apache4.ApacheHttpClient4Handler.handle(ApacheHttpClient4Handler.java:173) ~[jersey-apache-client4-1.19.1.jar:1.19.1]
	... 27 common frames omitted

2020-04-30 10:47:48.312  WARN 23676 --- [DiscoveryClient-HeartbeatExecutor-0] c.n.d.s.t.d.RetryableEurekaHttpClient    : Request execution failed with message: java.net.ConnectException: Connection refused: connect
2020-04-30 10:47:48.318 ERROR 23676 --- [DiscoveryClient-HeartbeatExecutor-0] com.netflix.discovery.DiscoveryClient    : DiscoveryClient_CARZ4U-WEB/192.168.0.10:carz4u-web - was unable to send heartbeat!

com.netflix.discovery.shared.transport.TransportException: Cannot execute request on any known server
	at com.netflix.discovery.shared.transport.decorator.RetryableEurekaHttpClient.execute(RetryableEurekaHttpClient.java:112) ~[eureka-client-1.9.8.jar:1.9.8]
	at com.netflix.discovery.shared.transport.decorator.EurekaHttpClientDecorator.sendHeartBeat(EurekaHttpClientDecorator.java:89) ~[eureka-client-1.9.8.jar:1.9.8]
	at com.netflix.discovery.shared.transport.decorator.EurekaHttpClientDecorator$3.execute(EurekaHttpClientDecorator.java:92) ~[eureka-client-1.9.8.jar:1.9.8]
	at com.netflix.discovery.shared.transport.decorator.SessionedEurekaHttpClient.execute(SessionedEurekaHttpClient.java:77) ~[eureka-client-1.9.8.jar:1.9.8]
	at com.netflix.discovery.shared.transport.decorator.EurekaHttpClientDecorator.sendHeartBeat(EurekaHttpClientDecorator.java:89) ~[eureka-client-1.9.8.jar:1.9.8]
	at com.netflix.discovery.DiscoveryClient.renew(DiscoveryClient.java:846) ~[eureka-client-1.9.8.jar:1.9.8]
	at com.netflix.discovery.DiscoveryClient$HeartbeatThread.run(DiscoveryClient.java:1405) [eureka-client-1.9.8.jar:1.9.8]
	at java.util.concurrent.Executors$RunnableAdapter.call(Unknown Source) [na:1.8.0_241]
	at java.util.concurrent.FutureTask.run(Unknown Source) [na:1.8.0_241]
	at java.util.concurrent.ThreadPoolExecutor.runWorker(Unknown Source) [na:1.8.0_241]
	at java.util.concurrent.ThreadPoolExecutor$Worker.run(Unknown Source) [na:1.8.0_241]
	at java.lang.Thread.run(Unknown Source) [na:1.8.0_241]

2020-04-30 10:48:21.605 ERROR 23676 --- [DiscoveryClient-CacheRefreshExecutor-0] c.n.d.s.t.d.RedirectingEurekaHttpClient  : Request execution error. endpoint=DefaultEndpoint{ serviceUrl='http://localhost:1111/eureka/}

com.sun.jersey.api.client.ClientHandlerException: java.net.ConnectException: Connection refused: connect
	at com.sun.jersey.client.apache4.ApacheHttpClient4Handler.handle(ApacheHttpClient4Handler.java:187) ~[jersey-apache-client4-1.19.1.jar:1.19.1]
	at com.sun.jersey.api.client.filter.GZIPContentEncodingFilter.handle(GZIPContentEncodingFilter.java:123) ~[jersey-client-1.19.1.jar:1.19.1]
	at com.netflix.discovery.EurekaIdentityHeaderFilter.handle(EurekaIdentityHeaderFilter.java:27) ~[eureka-client-1.9.8.jar:1.9.8]
	at com.sun.jersey.api.client.Client.handle(Client.java:652) ~[jersey-client-1.19.1.jar:1.19.1]
	at com.sun.jersey.api.client.WebResource.handle(WebResource.java:682) ~[jersey-client-1.19.1.jar:1.19.1]
	at com.sun.jersey.api.client.WebResource.access$200(WebResource.java:74) ~[jersey-client-1.19.1.jar:1.19.1]
	at com.sun.jersey.api.client.WebResource$Builder.get(WebResource.java:509) ~[jersey-client-1.19.1.jar:1.19.1]
	at com.netflix.discovery.shared.transport.jersey.AbstractJerseyEurekaHttpClient.getApplicationsInternal(AbstractJerseyEurekaHttpClient.java:194) ~[eureka-client-1.9.8.jar:1.9.8]
	at com.netflix.discovery.shared.transport.jersey.AbstractJerseyEurekaHttpClient.getDelta(AbstractJerseyEurekaHttpClient.java:170) ~[eureka-client-1.9.8.jar:1.9.8]
	at com.netflix.discovery.shared.transport.decorator.EurekaHttpClientDecorator$7.execute(EurekaHttpClientDecorator.java:152) [eureka-client-1.9.8.jar:1.9.8]
	at com.netflix.discovery.shared.transport.decorator.MetricsCollectingEurekaHttpClient.execute(MetricsCollectingEurekaHttpClient.java:73) ~[eureka-client-1.9.8.jar:1.9.8]
	at com.netflix.discovery.shared.transport.decorator.EurekaHttpClientDecorator.getDelta(EurekaHttpClientDecorator.java:149) [eureka-client-1.9.8.jar:1.9.8]
	at com.netflix.discovery.shared.transport.decorator.EurekaHttpClientDecorator$7.execute(EurekaHttpClientDecorator.java:152) [eureka-client-1.9.8.jar:1.9.8]
	at com.netflix.discovery.shared.transport.decorator.RedirectingEurekaHttpClient.executeOnNewServer(RedirectingEurekaHttpClient.java:118) ~[eureka-client-1.9.8.jar:1.9.8]
	at com.netflix.discovery.shared.transport.decorator.RedirectingEurekaHttpClient.execute(RedirectingEurekaHttpClient.java:79) ~[eureka-client-1.9.8.jar:1.9.8]
	at com.netflix.discovery.shared.transport.decorator.EurekaHttpClientDecorator.getDelta(EurekaHttpClientDecorator.java:149) [eureka-client-1.9.8.jar:1.9.8]
	at com.netflix.discovery.shared.transport.decorator.EurekaHttpClientDecorator$7.execute(EurekaHttpClientDecorator.java:152) [eureka-client-1.9.8.jar:1.9.8]
	at com.netflix.discovery.shared.transport.decorator.RetryableEurekaHttpClient.execute(RetryableEurekaHttpClient.java:120) [eureka-client-1.9.8.jar:1.9.8]
	at com.netflix.discovery.shared.transport.decorator.EurekaHttpClientDecorator.getDelta(EurekaHttpClientDecorator.java:149) [eureka-client-1.9.8.jar:1.9.8]
	at com.netflix.discovery.shared.transport.decorator.EurekaHttpClientDecorator$7.execute(EurekaHttpClientDecorator.java:152) [eureka-client-1.9.8.jar:1.9.8]
	at com.netflix.discovery.shared.transport.decorator.SessionedEurekaHttpClient.execute(SessionedEurekaHttpClient.java:77) [eureka-client-1.9.8.jar:1.9.8]
	at com.netflix.discovery.shared.transport.decorator.EurekaHttpClientDecorator.getDelta(EurekaHttpClientDecorator.java:149) [eureka-client-1.9.8.jar:1.9.8]
	at com.netflix.discovery.DiscoveryClient.getAndUpdateDelta(DiscoveryClient.java:1085) [eureka-client-1.9.8.jar:1.9.8]
	at com.netflix.discovery.DiscoveryClient.fetchRegistry(DiscoveryClient.java:967) [eureka-client-1.9.8.jar:1.9.8]
	at com.netflix.discovery.DiscoveryClient.refreshRegistry(DiscoveryClient.java:1479) [eureka-client-1.9.8.jar:1.9.8]
	at com.netflix.discovery.DiscoveryClient$CacheRefreshThread.run(DiscoveryClient.java:1446) [eureka-client-1.9.8.jar:1.9.8]
	at java.util.concurrent.Executors$RunnableAdapter.call(Unknown Source) [na:1.8.0_241]
	at java.util.concurrent.FutureTask.run(Unknown Source) [na:1.8.0_241]
	at java.util.concurrent.ThreadPoolExecutor.runWorker(Unknown Source) [na:1.8.0_241]
	at java.util.concurrent.ThreadPoolExecutor$Worker.run(Unknown Source) [na:1.8.0_241]
	at java.lang.Thread.run(Unknown Source) [na:1.8.0_241]
Caused by: java.net.ConnectException: Connection refused: connect
	at java.net.DualStackPlainSocketImpl.waitForConnect(Native Method) ~[na:1.8.0_241]
	at java.net.DualStackPlainSocketImpl.socketConnect(Unknown Source) ~[na:1.8.0_241]
	at java.net.AbstractPlainSocketImpl.doConnect(Unknown Source) ~[na:1.8.0_241]
	at java.net.AbstractPlainSocketImpl.connectToAddress(Unknown Source) ~[na:1.8.0_241]
	at java.net.AbstractPlainSocketImpl.connect(Unknown Source) ~[na:1.8.0_241]
	at java.net.PlainSocketImpl.connect(Unknown Source) ~[na:1.8.0_241]
	at java.net.SocksSocketImpl.connect(Unknown Source) ~[na:1.8.0_241]
	at java.net.Socket.connect(Unknown Source) ~[na:1.8.0_241]
	at org.apache.http.conn.scheme.PlainSocketFactory.connectSocket(PlainSocketFactory.java:121) ~[httpclient-4.5.7.jar:4.5.7]
	at org.apache.http.impl.conn.DefaultClientConnectionOperator.openConnection(DefaultClientConnectionOperator.java:180) ~[httpclient-4.5.7.jar:4.5.7]
	at org.apache.http.impl.conn.AbstractPoolEntry.open(AbstractPoolEntry.java:144) ~[httpclient-4.5.7.jar:4.5.7]
	at org.apache.http.impl.conn.AbstractPooledConnAdapter.open(AbstractPooledConnAdapter.java:134) ~[httpclient-4.5.7.jar:4.5.7]
	at org.apache.http.impl.client.DefaultRequestDirector.tryConnect(DefaultRequestDirector.java:605) ~[httpclient-4.5.7.jar:4.5.7]
	at org.apache.http.impl.client.DefaultRequestDirector.execute(DefaultRequestDirector.java:440) ~[httpclient-4.5.7.jar:4.5.7]
	at org.apache.http.impl.client.AbstractHttpClient.doExecute(AbstractHttpClient.java:835) ~[httpclient-4.5.7.jar:4.5.7]
	at org.apache.http.impl.client.CloseableHttpClient.execute(CloseableHttpClient.java:118) ~[httpclient-4.5.7.jar:4.5.7]
	at org.apache.http.impl.client.CloseableHttpClient.execute(CloseableHttpClient.java:56) ~[httpclient-4.5.7.jar:4.5.7]
	at com.sun.jersey.client.apache4.ApacheHttpClient4Handler.handle(ApacheHttpClient4Handler.java:173) ~[jersey-apache-client4-1.19.1.jar:1.19.1]
	... 30 common frames omitted

2020-04-30 10:48:21.610  WARN 23676 --- [DiscoveryClient-CacheRefreshExecutor-0] c.n.d.s.t.d.RetryableEurekaHttpClient    : Request execution failed with message: java.net.ConnectException: Connection refused: connect
2020-04-30 10:48:21.612 ERROR 23676 --- [DiscoveryClient-CacheRefreshExecutor-0] com.netflix.discovery.DiscoveryClient    : DiscoveryClient_CARZ4U-WEB/192.168.0.10:carz4u-web - was unable to refresh its cache! status = Cannot execute request on any known server

com.netflix.discovery.shared.transport.TransportException: Cannot execute request on any known server
	at com.netflix.discovery.shared.transport.decorator.RetryableEurekaHttpClient.execute(RetryableEurekaHttpClient.java:112) ~[eureka-client-1.9.8.jar:1.9.8]
	at com.netflix.discovery.shared.transport.decorator.EurekaHttpClientDecorator.getDelta(EurekaHttpClientDecorator.java:149) ~[eureka-client-1.9.8.jar:1.9.8]
	at com.netflix.discovery.shared.transport.decorator.EurekaHttpClientDecorator$7.execute(EurekaHttpClientDecorator.java:152) ~[eureka-client-1.9.8.jar:1.9.8]
	at com.netflix.discovery.shared.transport.decorator.SessionedEurekaHttpClient.execute(SessionedEurekaHttpClient.java:77) ~[eureka-client-1.9.8.jar:1.9.8]
	at com.netflix.discovery.shared.transport.decorator.EurekaHttpClientDecorator.getDelta(EurekaHttpClientDecorator.java:149) ~[eureka-client-1.9.8.jar:1.9.8]
	at com.netflix.discovery.DiscoveryClient.getAndUpdateDelta(DiscoveryClient.java:1085) [eureka-client-1.9.8.jar:1.9.8]
	at com.netflix.discovery.DiscoveryClient.fetchRegistry(DiscoveryClient.java:967) [eureka-client-1.9.8.jar:1.9.8]
	at com.netflix.discovery.DiscoveryClient.refreshRegistry(DiscoveryClient.java:1479) [eureka-client-1.9.8.jar:1.9.8]
	at com.netflix.discovery.DiscoveryClient$CacheRefreshThread.run(DiscoveryClient.java:1446) [eureka-client-1.9.8.jar:1.9.8]
	at java.util.concurrent.Executors$RunnableAdapter.call(Unknown Source) [na:1.8.0_241]
	at java.util.concurrent.FutureTask.run(Unknown Source) [na:1.8.0_241]
	at java.util.concurrent.ThreadPoolExecutor.runWorker(Unknown Source) [na:1.8.0_241]
	at java.util.concurrent.ThreadPoolExecutor$Worker.run(Unknown Source) [na:1.8.0_241]
	at java.lang.Thread.run(Unknown Source) [na:1.8.0_241]

2020-04-30 10:48:22.348 ERROR 23676 --- [DiscoveryClient-HeartbeatExecutor-0] c.n.d.s.t.d.RedirectingEurekaHttpClient  : Request execution error. endpoint=DefaultEndpoint{ serviceUrl='http://localhost:1111/eureka/}

com.sun.jersey.api.client.ClientHandlerException: java.net.ConnectException: Connection refused: connect
	at com.sun.jersey.client.apache4.ApacheHttpClient4Handler.handle(ApacheHttpClient4Handler.java:187) ~[jersey-apache-client4-1.19.1.jar:1.19.1]
	at com.sun.jersey.api.client.filter.GZIPContentEncodingFilter.handle(GZIPContentEncodingFilter.java:123) ~[jersey-client-1.19.1.jar:1.19.1]
	at com.netflix.discovery.EurekaIdentityHeaderFilter.handle(EurekaIdentityHeaderFilter.java:27) ~[eureka-client-1.9.8.jar:1.9.8]
	at com.sun.jersey.api.client.Client.handle(Client.java:652) ~[jersey-client-1.19.1.jar:1.19.1]
	at com.sun.jersey.api.client.WebResource.handle(WebResource.java:682) ~[jersey-client-1.19.1.jar:1.19.1]
	at com.sun.jersey.api.client.WebResource.access$200(WebResource.java:74) ~[jersey-client-1.19.1.jar:1.19.1]
	at com.sun.jersey.api.client.WebResource$Builder.put(WebResource.java:529) ~[jersey-client-1.19.1.jar:1.19.1]
	at com.netflix.discovery.shared.transport.jersey.AbstractJerseyEurekaHttpClient.sendHeartBeat(AbstractJerseyEurekaHttpClient.java:102) ~[eureka-client-1.9.8.jar:1.9.8]
	at com.netflix.discovery.shared.transport.decorator.EurekaHttpClientDecorator$3.execute(EurekaHttpClientDecorator.java:92) [eureka-client-1.9.8.jar:1.9.8]
	at com.netflix.discovery.shared.transport.decorator.MetricsCollectingEurekaHttpClient.execute(MetricsCollectingEurekaHttpClient.java:73) ~[eureka-client-1.9.8.jar:1.9.8]
	at com.netflix.discovery.shared.transport.decorator.EurekaHttpClientDecorator.sendHeartBeat(EurekaHttpClientDecorator.java:89) [eureka-client-1.9.8.jar:1.9.8]
	at com.netflix.discovery.shared.transport.decorator.EurekaHttpClientDecorator$3.execute(EurekaHttpClientDecorator.java:92) [eureka-client-1.9.8.jar:1.9.8]
	at com.netflix.discovery.shared.transport.decorator.RedirectingEurekaHttpClient.executeOnNewServer(RedirectingEurekaHttpClient.java:118) ~[eureka-client-1.9.8.jar:1.9.8]
	at com.netflix.discovery.shared.transport.decorator.RedirectingEurekaHttpClient.execute(RedirectingEurekaHttpClient.java:79) ~[eureka-client-1.9.8.jar:1.9.8]
	at com.netflix.discovery.shared.transport.decorator.EurekaHttpClientDecorator.sendHeartBeat(EurekaHttpClientDecorator.java:89) [eureka-client-1.9.8.jar:1.9.8]
	at com.netflix.discovery.shared.transport.decorator.EurekaHttpClientDecorator$3.execute(EurekaHttpClientDecorator.java:92) [eureka-client-1.9.8.jar:1.9.8]
	at com.netflix.discovery.shared.transport.decorator.RetryableEurekaHttpClient.execute(RetryableEurekaHttpClient.java:120) [eureka-client-1.9.8.jar:1.9.8]
	at com.netflix.discovery.shared.transport.decorator.EurekaHttpClientDecorator.sendHeartBeat(EurekaHttpClientDecorator.java:89) [eureka-client-1.9.8.jar:1.9.8]
	at com.netflix.discovery.shared.transport.decorator.EurekaHttpClientDecorator$3.execute(EurekaHttpClientDecorator.java:92) [eureka-client-1.9.8.jar:1.9.8]
	at com.netflix.discovery.shared.transport.decorator.SessionedEurekaHttpClient.execute(SessionedEurekaHttpClient.java:77) [eureka-client-1.9.8.jar:1.9.8]
	at com.netflix.discovery.shared.transport.decorator.EurekaHttpClientDecorator.sendHeartBeat(EurekaHttpClientDecorator.java:89) [eureka-client-1.9.8.jar:1.9.8]
	at com.netflix.discovery.DiscoveryClient.renew(DiscoveryClient.java:846) [eureka-client-1.9.8.jar:1.9.8]
	at com.netflix.discovery.DiscoveryClient$HeartbeatThread.run(DiscoveryClient.java:1405) [eureka-client-1.9.8.jar:1.9.8]
	at java.util.concurrent.Executors$RunnableAdapter.call(Unknown Source) [na:1.8.0_241]
	at java.util.concurrent.FutureTask.run(Unknown Source) [na:1.8.0_241]
	at java.util.concurrent.ThreadPoolExecutor.runWorker(Unknown Source) [na:1.8.0_241]
	at java.util.concurrent.ThreadPoolExecutor$Worker.run(Unknown Source) [na:1.8.0_241]
	at java.lang.Thread.run(Unknown Source) [na:1.8.0_241]
Caused by: java.net.ConnectException: Connection refused: connect
	at java.net.DualStackPlainSocketImpl.waitForConnect(Native Method) ~[na:1.8.0_241]
	at java.net.DualStackPlainSocketImpl.socketConnect(Unknown Source) ~[na:1.8.0_241]
	at java.net.AbstractPlainSocketImpl.doConnect(Unknown Source) ~[na:1.8.0_241]
	at java.net.AbstractPlainSocketImpl.connectToAddress(Unknown Source) ~[na:1.8.0_241]
	at java.net.AbstractPlainSocketImpl.connect(Unknown Source) ~[na:1.8.0_241]
	at java.net.PlainSocketImpl.connect(Unknown Source) ~[na:1.8.0_241]
	at java.net.SocksSocketImpl.connect(Unknown Source) ~[na:1.8.0_241]
	at java.net.Socket.connect(Unknown Source) ~[na:1.8.0_241]
	at org.apache.http.conn.scheme.PlainSocketFactory.connectSocket(PlainSocketFactory.java:121) ~[httpclient-4.5.7.jar:4.5.7]
	at org.apache.http.impl.conn.DefaultClientConnectionOperator.openConnection(DefaultClientConnectionOperator.java:180) ~[httpclient-4.5.7.jar:4.5.7]
	at org.apache.http.impl.conn.AbstractPoolEntry.open(AbstractPoolEntry.java:144) ~[httpclient-4.5.7.jar:4.5.7]
	at org.apache.http.impl.conn.AbstractPooledConnAdapter.open(AbstractPooledConnAdapter.java:134) ~[httpclient-4.5.7.jar:4.5.7]
	at org.apache.http.impl.client.DefaultRequestDirector.tryConnect(DefaultRequestDirector.java:605) ~[httpclient-4.5.7.jar:4.5.7]
	at org.apache.http.impl.client.DefaultRequestDirector.execute(DefaultRequestDirector.java:440) ~[httpclient-4.5.7.jar:4.5.7]
	at org.apache.http.impl.client.AbstractHttpClient.doExecute(AbstractHttpClient.java:835) ~[httpclient-4.5.7.jar:4.5.7]
	at org.apache.http.impl.client.CloseableHttpClient.execute(CloseableHttpClient.java:118) ~[httpclient-4.5.7.jar:4.5.7]
	at org.apache.http.impl.client.CloseableHttpClient.execute(CloseableHttpClient.java:56) ~[httpclient-4.5.7.jar:4.5.7]
	at com.sun.jersey.client.apache4.ApacheHttpClient4Handler.handle(ApacheHttpClient4Handler.java:173) ~[jersey-apache-client4-1.19.1.jar:1.19.1]
	... 27 common frames omitted

2020-04-30 10:48:22.349  WARN 23676 --- [DiscoveryClient-HeartbeatExecutor-0] c.n.d.s.t.d.RetryableEurekaHttpClient    : Request execution failed with message: java.net.ConnectException: Connection refused: connect
2020-04-30 10:48:22.351 ERROR 23676 --- [DiscoveryClient-HeartbeatExecutor-0] com.netflix.discovery.DiscoveryClient    : DiscoveryClient_CARZ4U-WEB/192.168.0.10:carz4u-web - was unable to send heartbeat!

com.netflix.discovery.shared.transport.TransportException: Cannot execute request on any known server
	at com.netflix.discovery.shared.transport.decorator.RetryableEurekaHttpClient.execute(RetryableEurekaHttpClient.java:112) ~[eureka-client-1.9.8.jar:1.9.8]
	at com.netflix.discovery.shared.transport.decorator.EurekaHttpClientDecorator.sendHeartBeat(EurekaHttpClientDecorator.java:89) ~[eureka-client-1.9.8.jar:1.9.8]
	at com.netflix.discovery.shared.transport.decorator.EurekaHttpClientDecorator$3.execute(EurekaHttpClientDecorator.java:92) ~[eureka-client-1.9.8.jar:1.9.8]
	at com.netflix.discovery.shared.transport.decorator.SessionedEurekaHttpClient.execute(SessionedEurekaHttpClient.java:77) ~[eureka-client-1.9.8.jar:1.9.8]
	at com.netflix.discovery.shared.transport.decorator.EurekaHttpClientDecorator.sendHeartBeat(EurekaHttpClientDecorator.java:89) ~[eureka-client-1.9.8.jar:1.9.8]
	at com.netflix.discovery.DiscoveryClient.renew(DiscoveryClient.java:846) ~[eureka-client-1.9.8.jar:1.9.8]
	at com.netflix.discovery.DiscoveryClient$HeartbeatThread.run(DiscoveryClient.java:1405) [eureka-client-1.9.8.jar:1.9.8]
	at java.util.concurrent.Executors$RunnableAdapter.call(Unknown Source) [na:1.8.0_241]
	at java.util.concurrent.FutureTask.run(Unknown Source) [na:1.8.0_241]
	at java.util.concurrent.ThreadPoolExecutor.runWorker(Unknown Source) [na:1.8.0_241]
	at java.util.concurrent.ThreadPoolExecutor$Worker.run(Unknown Source) [na:1.8.0_241]
	at java.lang.Thread.run(Unknown Source) [na:1.8.0_241]

2020-04-30 10:48:55.627 ERROR 23676 --- [DiscoveryClient-CacheRefreshExecutor-0] c.n.d.s.t.d.RedirectingEurekaHttpClient  : Request execution error. endpoint=DefaultEndpoint{ serviceUrl='http://localhost:1111/eureka/}

com.sun.jersey.api.client.ClientHandlerException: java.net.ConnectException: Connection refused: connect
	at com.sun.jersey.client.apache4.ApacheHttpClient4Handler.handle(ApacheHttpClient4Handler.java:187) ~[jersey-apache-client4-1.19.1.jar:1.19.1]
	at com.sun.jersey.api.client.filter.GZIPContentEncodingFilter.handle(GZIPContentEncodingFilter.java:123) ~[jersey-client-1.19.1.jar:1.19.1]
	at com.netflix.discovery.EurekaIdentityHeaderFilter.handle(EurekaIdentityHeaderFilter.java:27) ~[eureka-client-1.9.8.jar:1.9.8]
	at com.sun.jersey.api.client.Client.handle(Client.java:652) ~[jersey-client-1.19.1.jar:1.19.1]
	at com.sun.jersey.api.client.WebResource.handle(WebResource.java:682) ~[jersey-client-1.19.1.jar:1.19.1]
	at com.sun.jersey.api.client.WebResource.access$200(WebResource.java:74) ~[jersey-client-1.19.1.jar:1.19.1]
	at com.sun.jersey.api.client.WebResource$Builder.get(WebResource.java:509) ~[jersey-client-1.19.1.jar:1.19.1]
	at com.netflix.discovery.shared.transport.jersey.AbstractJerseyEurekaHttpClient.getApplicationsInternal(AbstractJerseyEurekaHttpClient.java:194) ~[eureka-client-1.9.8.jar:1.9.8]
	at com.netflix.discovery.shared.transport.jersey.AbstractJerseyEurekaHttpClient.getDelta(AbstractJerseyEurekaHttpClient.java:170) ~[eureka-client-1.9.8.jar:1.9.8]
	at com.netflix.discovery.shared.transport.decorator.EurekaHttpClientDecorator$7.execute(EurekaHttpClientDecorator.java:152) [eureka-client-1.9.8.jar:1.9.8]
	at com.netflix.discovery.shared.transport.decorator.MetricsCollectingEurekaHttpClient.execute(MetricsCollectingEurekaHttpClient.java:73) ~[eureka-client-1.9.8.jar:1.9.8]
	at com.netflix.discovery.shared.transport.decorator.EurekaHttpClientDecorator.getDelta(EurekaHttpClientDecorator.java:149) [eureka-client-1.9.8.jar:1.9.8]
	at com.netflix.discovery.shared.transport.decorator.EurekaHttpClientDecorator$7.execute(EurekaHttpClientDecorator.java:152) [eureka-client-1.9.8.jar:1.9.8]
	at com.netflix.discovery.shared.transport.decorator.RedirectingEurekaHttpClient.executeOnNewServer(RedirectingEurekaHttpClient.java:118) ~[eureka-client-1.9.8.jar:1.9.8]
	at com.netflix.discovery.shared.transport.decorator.RedirectingEurekaHttpClient.execute(RedirectingEurekaHttpClient.java:79) ~[eureka-client-1.9.8.jar:1.9.8]
	at com.netflix.discovery.shared.transport.decorator.EurekaHttpClientDecorator.getDelta(EurekaHttpClientDecorator.java:149) [eureka-client-1.9.8.jar:1.9.8]
	at com.netflix.discovery.shared.transport.decorator.EurekaHttpClientDecorator$7.execute(EurekaHttpClientDecorator.java:152) [eureka-client-1.9.8.jar:1.9.8]
	at com.netflix.discovery.shared.transport.decorator.RetryableEurekaHttpClient.execute(RetryableEurekaHttpClient.java:120) [eureka-client-1.9.8.jar:1.9.8]
	at com.netflix.discovery.shared.transport.decorator.EurekaHttpClientDecorator.getDelta(EurekaHttpClientDecorator.java:149) [eureka-client-1.9.8.jar:1.9.8]
	at com.netflix.discovery.shared.transport.decorator.EurekaHttpClientDecorator$7.execute(EurekaHttpClientDecorator.java:152) [eureka-client-1.9.8.jar:1.9.8]
	at com.netflix.discovery.shared.transport.decorator.SessionedEurekaHttpClient.execute(SessionedEurekaHttpClient.java:77) [eureka-client-1.9.8.jar:1.9.8]
	at com.netflix.discovery.shared.transport.decorator.EurekaHttpClientDecorator.getDelta(EurekaHttpClientDecorator.java:149) [eureka-client-1.9.8.jar:1.9.8]
	at com.netflix.discovery.DiscoveryClient.getAndUpdateDelta(DiscoveryClient.java:1085) [eureka-client-1.9.8.jar:1.9.8]
	at com.netflix.discovery.DiscoveryClient.fetchRegistry(DiscoveryClient.java:967) [eureka-client-1.9.8.jar:1.9.8]
	at com.netflix.discovery.DiscoveryClient.refreshRegistry(DiscoveryClient.java:1479) [eureka-client-1.9.8.jar:1.9.8]
	at com.netflix.discovery.DiscoveryClient$CacheRefreshThread.run(DiscoveryClient.java:1446) [eureka-client-1.9.8.jar:1.9.8]
	at java.util.concurrent.Executors$RunnableAdapter.call(Unknown Source) [na:1.8.0_241]
	at java.util.concurrent.FutureTask.run(Unknown Source) [na:1.8.0_241]
	at java.util.concurrent.ThreadPoolExecutor.runWorker(Unknown Source) [na:1.8.0_241]
	at java.util.concurrent.ThreadPoolExecutor$Worker.run(Unknown Source) [na:1.8.0_241]
	at java.lang.Thread.run(Unknown Source) [na:1.8.0_241]
Caused by: java.net.ConnectException: Connection refused: connect
	at java.net.DualStackPlainSocketImpl.waitForConnect(Native Method) ~[na:1.8.0_241]
	at java.net.DualStackPlainSocketImpl.socketConnect(Unknown Source) ~[na:1.8.0_241]
	at java.net.AbstractPlainSocketImpl.doConnect(Unknown Source) ~[na:1.8.0_241]
	at java.net.AbstractPlainSocketImpl.connectToAddress(Unknown Source) ~[na:1.8.0_241]
	at java.net.AbstractPlainSocketImpl.connect(Unknown Source) ~[na:1.8.0_241]
	at java.net.PlainSocketImpl.connect(Unknown Source) ~[na:1.8.0_241]
	at java.net.SocksSocketImpl.connect(Unknown Source) ~[na:1.8.0_241]
	at java.net.Socket.connect(Unknown Source) ~[na:1.8.0_241]
	at org.apache.http.conn.scheme.PlainSocketFactory.connectSocket(PlainSocketFactory.java:121) ~[httpclient-4.5.7.jar:4.5.7]
	at org.apache.http.impl.conn.DefaultClientConnectionOperator.openConnection(DefaultClientConnectionOperator.java:180) ~[httpclient-4.5.7.jar:4.5.7]
	at org.apache.http.impl.conn.AbstractPoolEntry.open(AbstractPoolEntry.java:144) ~[httpclient-4.5.7.jar:4.5.7]
	at org.apache.http.impl.conn.AbstractPooledConnAdapter.open(AbstractPooledConnAdapter.java:134) ~[httpclient-4.5.7.jar:4.5.7]
	at org.apache.http.impl.client.DefaultRequestDirector.tryConnect(DefaultRequestDirector.java:605) ~[httpclient-4.5.7.jar:4.5.7]
	at org.apache.http.impl.client.DefaultRequestDirector.execute(DefaultRequestDirector.java:440) ~[httpclient-4.5.7.jar:4.5.7]
	at org.apache.http.impl.client.AbstractHttpClient.doExecute(AbstractHttpClient.java:835) ~[httpclient-4.5.7.jar:4.5.7]
	at org.apache.http.impl.client.CloseableHttpClient.execute(CloseableHttpClient.java:118) ~[httpclient-4.5.7.jar:4.5.7]
	at org.apache.http.impl.client.CloseableHttpClient.execute(CloseableHttpClient.java:56) ~[httpclient-4.5.7.jar:4.5.7]
	at com.sun.jersey.client.apache4.ApacheHttpClient4Handler.handle(ApacheHttpClient4Handler.java:173) ~[jersey-apache-client4-1.19.1.jar:1.19.1]
	... 30 common frames omitted

2020-04-30 10:48:55.629  WARN 23676 --- [DiscoveryClient-CacheRefreshExecutor-0] c.n.d.s.t.d.RetryableEurekaHttpClient    : Request execution failed with message: java.net.ConnectException: Connection refused: connect
2020-04-30 10:48:55.629 ERROR 23676 --- [DiscoveryClient-CacheRefreshExecutor-0] com.netflix.discovery.DiscoveryClient    : DiscoveryClient_CARZ4U-WEB/192.168.0.10:carz4u-web - was unable to refresh its cache! status = Cannot execute request on any known server

com.netflix.discovery.shared.transport.TransportException: Cannot execute request on any known server
	at com.netflix.discovery.shared.transport.decorator.RetryableEurekaHttpClient.execute(RetryableEurekaHttpClient.java:112) ~[eureka-client-1.9.8.jar:1.9.8]
	at com.netflix.discovery.shared.transport.decorator.EurekaHttpClientDecorator.getDelta(EurekaHttpClientDecorator.java:149) ~[eureka-client-1.9.8.jar:1.9.8]
	at com.netflix.discovery.shared.transport.decorator.EurekaHttpClientDecorator$7.execute(EurekaHttpClientDecorator.java:152) ~[eureka-client-1.9.8.jar:1.9.8]
	at com.netflix.discovery.shared.transport.decorator.SessionedEurekaHttpClient.execute(SessionedEurekaHttpClient.java:77) ~[eureka-client-1.9.8.jar:1.9.8]
	at com.netflix.discovery.shared.transport.decorator.EurekaHttpClientDecorator.getDelta(EurekaHttpClientDecorator.java:149) ~[eureka-client-1.9.8.jar:1.9.8]
	at com.netflix.discovery.DiscoveryClient.getAndUpdateDelta(DiscoveryClient.java:1085) [eureka-client-1.9.8.jar:1.9.8]
	at com.netflix.discovery.DiscoveryClient.fetchRegistry(DiscoveryClient.java:967) [eureka-client-1.9.8.jar:1.9.8]
	at com.netflix.discovery.DiscoveryClient.refreshRegistry(DiscoveryClient.java:1479) [eureka-client-1.9.8.jar:1.9.8]
	at com.netflix.discovery.DiscoveryClient$CacheRefreshThread.run(DiscoveryClient.java:1446) [eureka-client-1.9.8.jar:1.9.8]
	at java.util.concurrent.Executors$RunnableAdapter.call(Unknown Source) [na:1.8.0_241]
	at java.util.concurrent.FutureTask.run(Unknown Source) [na:1.8.0_241]
	at java.util.concurrent.ThreadPoolExecutor.runWorker(Unknown Source) [na:1.8.0_241]
	at java.util.concurrent.ThreadPoolExecutor$Worker.run(Unknown Source) [na:1.8.0_241]
	at java.lang.Thread.run(Unknown Source) [na:1.8.0_241]

2020-04-30 10:48:56.367 ERROR 23676 --- [DiscoveryClient-HeartbeatExecutor-0] c.n.d.s.t.d.RedirectingEurekaHttpClient  : Request execution error. endpoint=DefaultEndpoint{ serviceUrl='http://localhost:1111/eureka/}

com.sun.jersey.api.client.ClientHandlerException: java.net.ConnectException: Connection refused: connect
	at com.sun.jersey.client.apache4.ApacheHttpClient4Handler.handle(ApacheHttpClient4Handler.java:187) ~[jersey-apache-client4-1.19.1.jar:1.19.1]
	at com.sun.jersey.api.client.filter.GZIPContentEncodingFilter.handle(GZIPContentEncodingFilter.java:123) ~[jersey-client-1.19.1.jar:1.19.1]
	at com.netflix.discovery.EurekaIdentityHeaderFilter.handle(EurekaIdentityHeaderFilter.java:27) ~[eureka-client-1.9.8.jar:1.9.8]
	at com.sun.jersey.api.client.Client.handle(Client.java:652) ~[jersey-client-1.19.1.jar:1.19.1]
	at com.sun.jersey.api.client.WebResource.handle(WebResource.java:682) ~[jersey-client-1.19.1.jar:1.19.1]
	at com.sun.jersey.api.client.WebResource.access$200(WebResource.java:74) ~[jersey-client-1.19.1.jar:1.19.1]
	at com.sun.jersey.api.client.WebResource$Builder.put(WebResource.java:529) ~[jersey-client-1.19.1.jar:1.19.1]
	at com.netflix.discovery.shared.transport.jersey.AbstractJerseyEurekaHttpClient.sendHeartBeat(AbstractJerseyEurekaHttpClient.java:102) ~[eureka-client-1.9.8.jar:1.9.8]
	at com.netflix.discovery.shared.transport.decorator.EurekaHttpClientDecorator$3.execute(EurekaHttpClientDecorator.java:92) [eureka-client-1.9.8.jar:1.9.8]
	at com.netflix.discovery.shared.transport.decorator.MetricsCollectingEurekaHttpClient.execute(MetricsCollectingEurekaHttpClient.java:73) ~[eureka-client-1.9.8.jar:1.9.8]
	at com.netflix.discovery.shared.transport.decorator.EurekaHttpClientDecorator.sendHeartBeat(EurekaHttpClientDecorator.java:89) [eureka-client-1.9.8.jar:1.9.8]
	at com.netflix.discovery.shared.transport.decorator.EurekaHttpClientDecorator$3.execute(EurekaHttpClientDecorator.java:92) [eureka-client-1.9.8.jar:1.9.8]
	at com.netflix.discovery.shared.transport.decorator.RedirectingEurekaHttpClient.executeOnNewServer(RedirectingEurekaHttpClient.java:118) ~[eureka-client-1.9.8.jar:1.9.8]
	at com.netflix.discovery.shared.transport.decorator.RedirectingEurekaHttpClient.execute(RedirectingEurekaHttpClient.java:79) ~[eureka-client-1.9.8.jar:1.9.8]
	at com.netflix.discovery.shared.transport.decorator.EurekaHttpClientDecorator.sendHeartBeat(EurekaHttpClientDecorator.java:89) [eureka-client-1.9.8.jar:1.9.8]
	at com.netflix.discovery.shared.transport.decorator.EurekaHttpClientDecorator$3.execute(EurekaHttpClientDecorator.java:92) [eureka-client-1.9.8.jar:1.9.8]
	at com.netflix.discovery.shared.transport.decorator.RetryableEurekaHttpClient.execute(RetryableEurekaHttpClient.java:120) [eureka-client-1.9.8.jar:1.9.8]
	at com.netflix.discovery.shared.transport.decorator.EurekaHttpClientDecorator.sendHeartBeat(EurekaHttpClientDecorator.java:89) [eureka-client-1.9.8.jar:1.9.8]
	at com.netflix.discovery.shared.transport.decorator.EurekaHttpClientDecorator$3.execute(EurekaHttpClientDecorator.java:92) [eureka-client-1.9.8.jar:1.9.8]
	at com.netflix.discovery.shared.transport.decorator.SessionedEurekaHttpClient.execute(SessionedEurekaHttpClient.java:77) [eureka-client-1.9.8.jar:1.9.8]
	at com.netflix.discovery.shared.transport.decorator.EurekaHttpClientDecorator.sendHeartBeat(EurekaHttpClientDecorator.java:89) [eureka-client-1.9.8.jar:1.9.8]
	at com.netflix.discovery.DiscoveryClient.renew(DiscoveryClient.java:846) [eureka-client-1.9.8.jar:1.9.8]
	at com.netflix.discovery.DiscoveryClient$HeartbeatThread.run(DiscoveryClient.java:1405) [eureka-client-1.9.8.jar:1.9.8]
	at java.util.concurrent.Executors$RunnableAdapter.call(Unknown Source) [na:1.8.0_241]
	at java.util.concurrent.FutureTask.run(Unknown Source) [na:1.8.0_241]
	at java.util.concurrent.ThreadPoolExecutor.runWorker(Unknown Source) [na:1.8.0_241]
	at java.util.concurrent.ThreadPoolExecutor$Worker.run(Unknown Source) [na:1.8.0_241]
	at java.lang.Thread.run(Unknown Source) [na:1.8.0_241]
Caused by: java.net.ConnectException: Connection refused: connect
	at java.net.DualStackPlainSocketImpl.waitForConnect(Native Method) ~[na:1.8.0_241]
	at java.net.DualStackPlainSocketImpl.socketConnect(Unknown Source) ~[na:1.8.0_241]
	at java.net.AbstractPlainSocketImpl.doConnect(Unknown Source) ~[na:1.8.0_241]
	at java.net.AbstractPlainSocketImpl.connectToAddress(Unknown Source) ~[na:1.8.0_241]
	at java.net.AbstractPlainSocketImpl.connect(Unknown Source) ~[na:1.8.0_241]
	at java.net.PlainSocketImpl.connect(Unknown Source) ~[na:1.8.0_241]
	at java.net.SocksSocketImpl.connect(Unknown Source) ~[na:1.8.0_241]
	at java.net.Socket.connect(Unknown Source) ~[na:1.8.0_241]
	at org.apache.http.conn.scheme.PlainSocketFactory.connectSocket(PlainSocketFactory.java:121) ~[httpclient-4.5.7.jar:4.5.7]
	at org.apache.http.impl.conn.DefaultClientConnectionOperator.openConnection(DefaultClientConnectionOperator.java:180) ~[httpclient-4.5.7.jar:4.5.7]
	at org.apache.http.impl.conn.AbstractPoolEntry.open(AbstractPoolEntry.java:144) ~[httpclient-4.5.7.jar:4.5.7]
	at org.apache.http.impl.conn.AbstractPooledConnAdapter.open(AbstractPooledConnAdapter.java:134) ~[httpclient-4.5.7.jar:4.5.7]
	at org.apache.http.impl.client.DefaultRequestDirector.tryConnect(DefaultRequestDirector.java:605) ~[httpclient-4.5.7.jar:4.5.7]
	at org.apache.http.impl.client.DefaultRequestDirector.execute(DefaultRequestDirector.java:440) ~[httpclient-4.5.7.jar:4.5.7]
	at org.apache.http.impl.client.AbstractHttpClient.doExecute(AbstractHttpClient.java:835) ~[httpclient-4.5.7.jar:4.5.7]
	at org.apache.http.impl.client.CloseableHttpClient.execute(CloseableHttpClient.java:118) ~[httpclient-4.5.7.jar:4.5.7]
	at org.apache.http.impl.client.CloseableHttpClient.execute(CloseableHttpClient.java:56) ~[httpclient-4.5.7.jar:4.5.7]
	at com.sun.jersey.client.apache4.ApacheHttpClient4Handler.handle(ApacheHttpClient4Handler.java:173) ~[jersey-apache-client4-1.19.1.jar:1.19.1]
	... 27 common frames omitted

2020-04-30 10:48:56.370  WARN 23676 --- [DiscoveryClient-HeartbeatExecutor-0] c.n.d.s.t.d.RetryableEurekaHttpClient    : Request execution failed with message: java.net.ConnectException: Connection refused: connect
2020-04-30 10:48:56.373 ERROR 23676 --- [DiscoveryClient-HeartbeatExecutor-0] com.netflix.discovery.DiscoveryClient    : DiscoveryClient_CARZ4U-WEB/192.168.0.10:carz4u-web - was unable to send heartbeat!

com.netflix.discovery.shared.transport.TransportException: Cannot execute request on any known server
	at com.netflix.discovery.shared.transport.decorator.RetryableEurekaHttpClient.execute(RetryableEurekaHttpClient.java:112) ~[eureka-client-1.9.8.jar:1.9.8]
	at com.netflix.discovery.shared.transport.decorator.EurekaHttpClientDecorator.sendHeartBeat(EurekaHttpClientDecorator.java:89) ~[eureka-client-1.9.8.jar:1.9.8]
	at com.netflix.discovery.shared.transport.decorator.EurekaHttpClientDecorator$3.execute(EurekaHttpClientDecorator.java:92) ~[eureka-client-1.9.8.jar:1.9.8]
	at com.netflix.discovery.shared.transport.decorator.SessionedEurekaHttpClient.execute(SessionedEurekaHttpClient.java:77) ~[eureka-client-1.9.8.jar:1.9.8]
	at com.netflix.discovery.shared.transport.decorator.EurekaHttpClientDecorator.sendHeartBeat(EurekaHttpClientDecorator.java:89) ~[eureka-client-1.9.8.jar:1.9.8]
	at com.netflix.discovery.DiscoveryClient.renew(DiscoveryClient.java:846) ~[eureka-client-1.9.8.jar:1.9.8]
	at com.netflix.discovery.DiscoveryClient$HeartbeatThread.run(DiscoveryClient.java:1405) [eureka-client-1.9.8.jar:1.9.8]
	at java.util.concurrent.Executors$RunnableAdapter.call(Unknown Source) [na:1.8.0_241]
	at java.util.concurrent.FutureTask.run(Unknown Source) [na:1.8.0_241]
	at java.util.concurrent.ThreadPoolExecutor.runWorker(Unknown Source) [na:1.8.0_241]
	at java.util.concurrent.ThreadPoolExecutor$Worker.run(Unknown Source) [na:1.8.0_241]
	at java.lang.Thread.run(Unknown Source) [na:1.8.0_241]

2020-04-30 10:49:29.648 ERROR 23676 --- [DiscoveryClient-CacheRefreshExecutor-0] c.n.d.s.t.d.RedirectingEurekaHttpClient  : Request execution error. endpoint=DefaultEndpoint{ serviceUrl='http://localhost:1111/eureka/}

com.sun.jersey.api.client.ClientHandlerException: java.net.ConnectException: Connection refused: connect
	at com.sun.jersey.client.apache4.ApacheHttpClient4Handler.handle(ApacheHttpClient4Handler.java:187) ~[jersey-apache-client4-1.19.1.jar:1.19.1]
	at com.sun.jersey.api.client.filter.GZIPContentEncodingFilter.handle(GZIPContentEncodingFilter.java:123) ~[jersey-client-1.19.1.jar:1.19.1]
	at com.netflix.discovery.EurekaIdentityHeaderFilter.handle(EurekaIdentityHeaderFilter.java:27) ~[eureka-client-1.9.8.jar:1.9.8]
	at com.sun.jersey.api.client.Client.handle(Client.java:652) ~[jersey-client-1.19.1.jar:1.19.1]
	at com.sun.jersey.api.client.WebResource.handle(WebResource.java:682) ~[jersey-client-1.19.1.jar:1.19.1]
	at com.sun.jersey.api.client.WebResource.access$200(WebResource.java:74) ~[jersey-client-1.19.1.jar:1.19.1]
	at com.sun.jersey.api.client.WebResource$Builder.get(WebResource.java:509) ~[jersey-client-1.19.1.jar:1.19.1]
	at com.netflix.discovery.shared.transport.jersey.AbstractJerseyEurekaHttpClient.getApplicationsInternal(AbstractJerseyEurekaHttpClient.java:194) ~[eureka-client-1.9.8.jar:1.9.8]
	at com.netflix.discovery.shared.transport.jersey.AbstractJerseyEurekaHttpClient.getDelta(AbstractJerseyEurekaHttpClient.java:170) ~[eureka-client-1.9.8.jar:1.9.8]
	at com.netflix.discovery.shared.transport.decorator.EurekaHttpClientDecorator$7.execute(EurekaHttpClientDecorator.java:152) [eureka-client-1.9.8.jar:1.9.8]
	at com.netflix.discovery.shared.transport.decorator.MetricsCollectingEurekaHttpClient.execute(MetricsCollectingEurekaHttpClient.java:73) ~[eureka-client-1.9.8.jar:1.9.8]
	at com.netflix.discovery.shared.transport.decorator.EurekaHttpClientDecorator.getDelta(EurekaHttpClientDecorator.java:149) [eureka-client-1.9.8.jar:1.9.8]
	at com.netflix.discovery.shared.transport.decorator.EurekaHttpClientDecorator$7.execute(EurekaHttpClientDecorator.java:152) [eureka-client-1.9.8.jar:1.9.8]
	at com.netflix.discovery.shared.transport.decorator.RedirectingEurekaHttpClient.executeOnNewServer(RedirectingEurekaHttpClient.java:118) ~[eureka-client-1.9.8.jar:1.9.8]
	at com.netflix.discovery.shared.transport.decorator.RedirectingEurekaHttpClient.execute(RedirectingEurekaHttpClient.java:79) ~[eureka-client-1.9.8.jar:1.9.8]
	at com.netflix.discovery.shared.transport.decorator.EurekaHttpClientDecorator.getDelta(EurekaHttpClientDecorator.java:149) [eureka-client-1.9.8.jar:1.9.8]
	at com.netflix.discovery.shared.transport.decorator.EurekaHttpClientDecorator$7.execute(EurekaHttpClientDecorator.java:152) [eureka-client-1.9.8.jar:1.9.8]
	at com.netflix.discovery.shared.transport.decorator.RetryableEurekaHttpClient.execute(RetryableEurekaHttpClient.java:120) [eureka-client-1.9.8.jar:1.9.8]
	at com.netflix.discovery.shared.transport.decorator.EurekaHttpClientDecorator.getDelta(EurekaHttpClientDecorator.java:149) [eureka-client-1.9.8.jar:1.9.8]
	at com.netflix.discovery.shared.transport.decorator.EurekaHttpClientDecorator$7.execute(EurekaHttpClientDecorator.java:152) [eureka-client-1.9.8.jar:1.9.8]
	at com.netflix.discovery.shared.transport.decorator.SessionedEurekaHttpClient.execute(SessionedEurekaHttpClient.java:77) [eureka-client-1.9.8.jar:1.9.8]
	at com.netflix.discovery.shared.transport.decorator.EurekaHttpClientDecorator.getDelta(EurekaHttpClientDecorator.java:149) [eureka-client-1.9.8.jar:1.9.8]
	at com.netflix.discovery.DiscoveryClient.getAndUpdateDelta(DiscoveryClient.java:1085) [eureka-client-1.9.8.jar:1.9.8]
	at com.netflix.discovery.DiscoveryClient.fetchRegistry(DiscoveryClient.java:967) [eureka-client-1.9.8.jar:1.9.8]
	at com.netflix.discovery.DiscoveryClient.refreshRegistry(DiscoveryClient.java:1479) [eureka-client-1.9.8.jar:1.9.8]
	at com.netflix.discovery.DiscoveryClient$CacheRefreshThread.run(DiscoveryClient.java:1446) [eureka-client-1.9.8.jar:1.9.8]
	at java.util.concurrent.Executors$RunnableAdapter.call(Unknown Source) [na:1.8.0_241]
	at java.util.concurrent.FutureTask.run(Unknown Source) [na:1.8.0_241]
	at java.util.concurrent.ThreadPoolExecutor.runWorker(Unknown Source) [na:1.8.0_241]
	at java.util.concurrent.ThreadPoolExecutor$Worker.run(Unknown Source) [na:1.8.0_241]
	at java.lang.Thread.run(Unknown Source) [na:1.8.0_241]
Caused by: java.net.ConnectException: Connection refused: connect
	at java.net.DualStackPlainSocketImpl.waitForConnect(Native Method) ~[na:1.8.0_241]
	at java.net.DualStackPlainSocketImpl.socketConnect(Unknown Source) ~[na:1.8.0_241]
	at java.net.AbstractPlainSocketImpl.doConnect(Unknown Source) ~[na:1.8.0_241]
	at java.net.AbstractPlainSocketImpl.connectToAddress(Unknown Source) ~[na:1.8.0_241]
	at java.net.AbstractPlainSocketImpl.connect(Unknown Source) ~[na:1.8.0_241]
	at java.net.PlainSocketImpl.connect(Unknown Source) ~[na:1.8.0_241]
	at java.net.SocksSocketImpl.connect(Unknown Source) ~[na:1.8.0_241]
	at java.net.Socket.connect(Unknown Source) ~[na:1.8.0_241]
	at org.apache.http.conn.scheme.PlainSocketFactory.connectSocket(PlainSocketFactory.java:121) ~[httpclient-4.5.7.jar:4.5.7]
	at org.apache.http.impl.conn.DefaultClientConnectionOperator.openConnection(DefaultClientConnectionOperator.java:180) ~[httpclient-4.5.7.jar:4.5.7]
	at org.apache.http.impl.conn.AbstractPoolEntry.open(AbstractPoolEntry.java:144) ~[httpclient-4.5.7.jar:4.5.7]
	at org.apache.http.impl.conn.AbstractPooledConnAdapter.open(AbstractPooledConnAdapter.java:134) ~[httpclient-4.5.7.jar:4.5.7]
	at org.apache.http.impl.client.DefaultRequestDirector.tryConnect(DefaultRequestDirector.java:605) ~[httpclient-4.5.7.jar:4.5.7]
	at org.apache.http.impl.client.DefaultRequestDirector.execute(DefaultRequestDirector.java:440) ~[httpclient-4.5.7.jar:4.5.7]
	at org.apache.http.impl.client.AbstractHttpClient.doExecute(AbstractHttpClient.java:835) ~[httpclient-4.5.7.jar:4.5.7]
	at org.apache.http.impl.client.CloseableHttpClient.execute(CloseableHttpClient.java:118) ~[httpclient-4.5.7.jar:4.5.7]
	at org.apache.http.impl.client.CloseableHttpClient.execute(CloseableHttpClient.java:56) ~[httpclient-4.5.7.jar:4.5.7]
	at com.sun.jersey.client.apache4.ApacheHttpClient4Handler.handle(ApacheHttpClient4Handler.java:173) ~[jersey-apache-client4-1.19.1.jar:1.19.1]
	... 30 common frames omitted

2020-04-30 10:49:29.656  WARN 23676 --- [DiscoveryClient-CacheRefreshExecutor-0] c.n.d.s.t.d.RetryableEurekaHttpClient    : Request execution failed with message: java.net.ConnectException: Connection refused: connect
2020-04-30 10:49:29.663 ERROR 23676 --- [DiscoveryClient-CacheRefreshExecutor-0] com.netflix.discovery.DiscoveryClient    : DiscoveryClient_CARZ4U-WEB/192.168.0.10:carz4u-web - was unable to refresh its cache! status = Cannot execute request on any known server

com.netflix.discovery.shared.transport.TransportException: Cannot execute request on any known server
	at com.netflix.discovery.shared.transport.decorator.RetryableEurekaHttpClient.execute(RetryableEurekaHttpClient.java:112) ~[eureka-client-1.9.8.jar:1.9.8]
	at com.netflix.discovery.shared.transport.decorator.EurekaHttpClientDecorator.getDelta(EurekaHttpClientDecorator.java:149) ~[eureka-client-1.9.8.jar:1.9.8]
	at com.netflix.discovery.shared.transport.decorator.EurekaHttpClientDecorator$7.execute(EurekaHttpClientDecorator.java:152) ~[eureka-client-1.9.8.jar:1.9.8]
	at com.netflix.discovery.shared.transport.decorator.SessionedEurekaHttpClient.execute(SessionedEurekaHttpClient.java:77) ~[eureka-client-1.9.8.jar:1.9.8]
	at com.netflix.discovery.shared.transport.decorator.EurekaHttpClientDecorator.getDelta(EurekaHttpClientDecorator.java:149) ~[eureka-client-1.9.8.jar:1.9.8]
	at com.netflix.discovery.DiscoveryClient.getAndUpdateDelta(DiscoveryClient.java:1085) [eureka-client-1.9.8.jar:1.9.8]
	at com.netflix.discovery.DiscoveryClient.fetchRegistry(DiscoveryClient.java:967) [eureka-client-1.9.8.jar:1.9.8]
	at com.netflix.discovery.DiscoveryClient.refreshRegistry(DiscoveryClient.java:1479) [eureka-client-1.9.8.jar:1.9.8]
	at com.netflix.discovery.DiscoveryClient$CacheRefreshThread.run(DiscoveryClient.java:1446) [eureka-client-1.9.8.jar:1.9.8]
	at java.util.concurrent.Executors$RunnableAdapter.call(Unknown Source) [na:1.8.0_241]
	at java.util.concurrent.FutureTask.run(Unknown Source) [na:1.8.0_241]
	at java.util.concurrent.ThreadPoolExecutor.runWorker(Unknown Source) [na:1.8.0_241]
	at java.util.concurrent.ThreadPoolExecutor$Worker.run(Unknown Source) [na:1.8.0_241]
	at java.lang.Thread.run(Unknown Source) [na:1.8.0_241]

2020-04-30 10:49:30.406 ERROR 23676 --- [DiscoveryClient-HeartbeatExecutor-0] c.n.d.s.t.d.RedirectingEurekaHttpClient  : Request execution error. endpoint=DefaultEndpoint{ serviceUrl='http://localhost:1111/eureka/}

com.sun.jersey.api.client.ClientHandlerException: java.net.ConnectException: Connection refused: connect
	at com.sun.jersey.client.apache4.ApacheHttpClient4Handler.handle(ApacheHttpClient4Handler.java:187) ~[jersey-apache-client4-1.19.1.jar:1.19.1]
	at com.sun.jersey.api.client.filter.GZIPContentEncodingFilter.handle(GZIPContentEncodingFilter.java:123) ~[jersey-client-1.19.1.jar:1.19.1]
	at com.netflix.discovery.EurekaIdentityHeaderFilter.handle(EurekaIdentityHeaderFilter.java:27) ~[eureka-client-1.9.8.jar:1.9.8]
	at com.sun.jersey.api.client.Client.handle(Client.java:652) ~[jersey-client-1.19.1.jar:1.19.1]
	at com.sun.jersey.api.client.WebResource.handle(WebResource.java:682) ~[jersey-client-1.19.1.jar:1.19.1]
	at com.sun.jersey.api.client.WebResource.access$200(WebResource.java:74) ~[jersey-client-1.19.1.jar:1.19.1]
	at com.sun.jersey.api.client.WebResource$Builder.put(WebResource.java:529) ~[jersey-client-1.19.1.jar:1.19.1]
	at com.netflix.discovery.shared.transport.jersey.AbstractJerseyEurekaHttpClient.sendHeartBeat(AbstractJerseyEurekaHttpClient.java:102) ~[eureka-client-1.9.8.jar:1.9.8]
	at com.netflix.discovery.shared.transport.decorator.EurekaHttpClientDecorator$3.execute(EurekaHttpClientDecorator.java:92) [eureka-client-1.9.8.jar:1.9.8]
	at com.netflix.discovery.shared.transport.decorator.MetricsCollectingEurekaHttpClient.execute(MetricsCollectingEurekaHttpClient.java:73) ~[eureka-client-1.9.8.jar:1.9.8]
	at com.netflix.discovery.shared.transport.decorator.EurekaHttpClientDecorator.sendHeartBeat(EurekaHttpClientDecorator.java:89) [eureka-client-1.9.8.jar:1.9.8]
	at com.netflix.discovery.shared.transport.decorator.EurekaHttpClientDecorator$3.execute(EurekaHttpClientDecorator.java:92) [eureka-client-1.9.8.jar:1.9.8]
	at com.netflix.discovery.shared.transport.decorator.RedirectingEurekaHttpClient.executeOnNewServer(RedirectingEurekaHttpClient.java:118) ~[eureka-client-1.9.8.jar:1.9.8]
	at com.netflix.discovery.shared.transport.decorator.RedirectingEurekaHttpClient.execute(RedirectingEurekaHttpClient.java:79) ~[eureka-client-1.9.8.jar:1.9.8]
	at com.netflix.discovery.shared.transport.decorator.EurekaHttpClientDecorator.sendHeartBeat(EurekaHttpClientDecorator.java:89) [eureka-client-1.9.8.jar:1.9.8]
	at com.netflix.discovery.shared.transport.decorator.EurekaHttpClientDecorator$3.execute(EurekaHttpClientDecorator.java:92) [eureka-client-1.9.8.jar:1.9.8]
	at com.netflix.discovery.shared.transport.decorator.RetryableEurekaHttpClient.execute(RetryableEurekaHttpClient.java:120) [eureka-client-1.9.8.jar:1.9.8]
	at com.netflix.discovery.shared.transport.decorator.EurekaHttpClientDecorator.sendHeartBeat(EurekaHttpClientDecorator.java:89) [eureka-client-1.9.8.jar:1.9.8]
	at com.netflix.discovery.shared.transport.decorator.EurekaHttpClientDecorator$3.execute(EurekaHttpClientDecorator.java:92) [eureka-client-1.9.8.jar:1.9.8]
	at com.netflix.discovery.shared.transport.decorator.SessionedEurekaHttpClient.execute(SessionedEurekaHttpClient.java:77) [eureka-client-1.9.8.jar:1.9.8]
	at com.netflix.discovery.shared.transport.decorator.EurekaHttpClientDecorator.sendHeartBeat(EurekaHttpClientDecorator.java:89) [eureka-client-1.9.8.jar:1.9.8]
	at com.netflix.discovery.DiscoveryClient.renew(DiscoveryClient.java:846) [eureka-client-1.9.8.jar:1.9.8]
	at com.netflix.discovery.DiscoveryClient$HeartbeatThread.run(DiscoveryClient.java:1405) [eureka-client-1.9.8.jar:1.9.8]
	at java.util.concurrent.Executors$RunnableAdapter.call(Unknown Source) [na:1.8.0_241]
	at java.util.concurrent.FutureTask.run(Unknown Source) [na:1.8.0_241]
	at java.util.concurrent.ThreadPoolExecutor.runWorker(Unknown Source) [na:1.8.0_241]
	at java.util.concurrent.ThreadPoolExecutor$Worker.run(Unknown Source) [na:1.8.0_241]
	at java.lang.Thread.run(Unknown Source) [na:1.8.0_241]
Caused by: java.net.ConnectException: Connection refused: connect
	at java.net.DualStackPlainSocketImpl.waitForConnect(Native Method) ~[na:1.8.0_241]
	at java.net.DualStackPlainSocketImpl.socketConnect(Unknown Source) ~[na:1.8.0_241]
	at java.net.AbstractPlainSocketImpl.doConnect(Unknown Source) ~[na:1.8.0_241]
	at java.net.AbstractPlainSocketImpl.connectToAddress(Unknown Source) ~[na:1.8.0_241]
	at java.net.AbstractPlainSocketImpl.connect(Unknown Source) ~[na:1.8.0_241]
	at java.net.PlainSocketImpl.connect(Unknown Source) ~[na:1.8.0_241]
	at java.net.SocksSocketImpl.connect(Unknown Source) ~[na:1.8.0_241]
	at java.net.Socket.connect(Unknown Source) ~[na:1.8.0_241]
	at org.apache.http.conn.scheme.PlainSocketFactory.connectSocket(PlainSocketFactory.java:121) ~[httpclient-4.5.7.jar:4.5.7]
	at org.apache.http.impl.conn.DefaultClientConnectionOperator.openConnection(DefaultClientConnectionOperator.java:180) ~[httpclient-4.5.7.jar:4.5.7]
	at org.apache.http.impl.conn.AbstractPoolEntry.open(AbstractPoolEntry.java:144) ~[httpclient-4.5.7.jar:4.5.7]
	at org.apache.http.impl.conn.AbstractPooledConnAdapter.open(AbstractPooledConnAdapter.java:134) ~[httpclient-4.5.7.jar:4.5.7]
	at org.apache.http.impl.client.DefaultRequestDirector.tryConnect(DefaultRequestDirector.java:605) ~[httpclient-4.5.7.jar:4.5.7]
	at org.apache.http.impl.client.DefaultRequestDirector.execute(DefaultRequestDirector.java:440) ~[httpclient-4.5.7.jar:4.5.7]
	at org.apache.http.impl.client.AbstractHttpClient.doExecute(AbstractHttpClient.java:835) ~[httpclient-4.5.7.jar:4.5.7]
	at org.apache.http.impl.client.CloseableHttpClient.execute(CloseableHttpClient.java:118) ~[httpclient-4.5.7.jar:4.5.7]
	at org.apache.http.impl.client.CloseableHttpClient.execute(CloseableHttpClient.java:56) ~[httpclient-4.5.7.jar:4.5.7]
	at com.sun.jersey.client.apache4.ApacheHttpClient4Handler.handle(ApacheHttpClient4Handler.java:173) ~[jersey-apache-client4-1.19.1.jar:1.19.1]
	... 27 common frames omitted

2020-04-30 10:49:30.410  WARN 23676 --- [DiscoveryClient-HeartbeatExecutor-0] c.n.d.s.t.d.RetryableEurekaHttpClient    : Request execution failed with message: java.net.ConnectException: Connection refused: connect
2020-04-30 10:49:30.412 ERROR 23676 --- [DiscoveryClient-HeartbeatExecutor-0] com.netflix.discovery.DiscoveryClient    : DiscoveryClient_CARZ4U-WEB/192.168.0.10:carz4u-web - was unable to send heartbeat!

com.netflix.discovery.shared.transport.TransportException: Cannot execute request on any known server
	at com.netflix.discovery.shared.transport.decorator.RetryableEurekaHttpClient.execute(RetryableEurekaHttpClient.java:112) ~[eureka-client-1.9.8.jar:1.9.8]
	at com.netflix.discovery.shared.transport.decorator.EurekaHttpClientDecorator.sendHeartBeat(EurekaHttpClientDecorator.java:89) ~[eureka-client-1.9.8.jar:1.9.8]
	at com.netflix.discovery.shared.transport.decorator.EurekaHttpClientDecorator$3.execute(EurekaHttpClientDecorator.java:92) ~[eureka-client-1.9.8.jar:1.9.8]
	at com.netflix.discovery.shared.transport.decorator.SessionedEurekaHttpClient.execute(SessionedEurekaHttpClient.java:77) ~[eureka-client-1.9.8.jar:1.9.8]
	at com.netflix.discovery.shared.transport.decorator.EurekaHttpClientDecorator.sendHeartBeat(EurekaHttpClientDecorator.java:89) ~[eureka-client-1.9.8.jar:1.9.8]
	at com.netflix.discovery.DiscoveryClient.renew(DiscoveryClient.java:846) ~[eureka-client-1.9.8.jar:1.9.8]
	at com.netflix.discovery.DiscoveryClient$HeartbeatThread.run(DiscoveryClient.java:1405) [eureka-client-1.9.8.jar:1.9.8]
	at java.util.concurrent.Executors$RunnableAdapter.call(Unknown Source) [na:1.8.0_241]
	at java.util.concurrent.FutureTask.run(Unknown Source) [na:1.8.0_241]
	at java.util.concurrent.ThreadPoolExecutor.runWorker(Unknown Source) [na:1.8.0_241]
	at java.util.concurrent.ThreadPoolExecutor$Worker.run(Unknown Source) [na:1.8.0_241]
	at java.lang.Thread.run(Unknown Source) [na:1.8.0_241]

